<?xml version="1.0" encoding="UTF-8"?>
<!-- Generated by org.testng.reporters.JUnitReportReporter -->
<testsuite hostname="forsa-vm31" failures="0" tests="1" name="TopZinsPortal.TZPAdminUserLoeschenGN" time="15.583" errors="0" timestamp="2021-05-21T09:39:52 CEST" skipped="0">
  <testcase classname="TopZinsPortal.TZPAdminUserLoeschenGN" name="TZPAdminUserLoeschenGNTest" time="15.583"/>
  <system-out/>
</testsuite> <!-- TopZinsPortal.TZPAdminUserLoeschenGN -->
