<?xml version="1.0" encoding="UTF-8"?>
<!-- Generated by org.testng.reporters.JUnitReportReporter -->
<testsuite hostname="forsa-vm31" failures="0" tests="3" name="TopZinsPortal.TZPAdminSeveralUserDeaktivierenGG" time="46.052" errors="0" timestamp="2021-08-05T16:03:47 CEST" skipped="0">
  <testcase classname="TopZinsPortal.TZPAdminSeveralUserDeaktivierenGG" name="TZPAdminSeveralUserDeaktivierenGGTest" time="10.175"/>
  <system-out/>
  <testcase classname="TopZinsPortal.TZPAdminSeveralUserDeaktivierenGG" name="TZPAdminSeveralUserDeaktivierenGGTest" time="19.240"/>
  <system-out/>
  <testcase classname="TopZinsPortal.TZPAdminSeveralUserDeaktivierenGG" name="TZPAdminSeveralUserDeaktivierenGGTest" time="16.637"/>
  <system-out/>
</testsuite> <!-- TopZinsPortal.TZPAdminSeveralUserDeaktivierenGG -->
