<?xml version="1.0" encoding="UTF-8"?>
<!-- Generated by org.testng.reporters.JUnitReportReporter -->
<testsuite hostname="forsa-vm31" failures="0" tests="4" name="TopZinsPortal.TZPTransaktionAkzeptierenGGSeveralUser" time="63.915" errors="0" timestamp="2021-07-16T11:19:10 CEST" skipped="0">
  <testcase classname="TopZinsPortal.TZPTransaktionAkzeptierenGGSeveralUser" name="TZPTransaktionAkzeptierenGGSeveralUserTest" time="17.377"/>
  <system-out/>
  <testcase classname="TopZinsPortal.TZPTransaktionAkzeptierenGGSeveralUser" name="TZPTransaktionAkzeptierenGGSeveralUserTest" time="18.027"/>
  <system-out/>
  <testcase classname="TopZinsPortal.TZPTransaktionAkzeptierenGGSeveralUser" name="TZPTransaktionAkzeptierenGGSeveralUserTest" time="16.384"/>
  <system-out/>
  <testcase classname="TopZinsPortal.TZPTransaktionAkzeptierenGGSeveralUser" name="TZPTransaktionAkzeptierenGGSeveralUserTest" time="12.127"/>
  <system-out/>
</testsuite> <!-- TopZinsPortal.TZPTransaktionAkzeptierenGGSeveralUser -->
