<?xml version="1.0" encoding="UTF-8"?>
<!-- Generated by org.testng.reporters.JUnitReportReporter -->
<testsuite hostname="forsa-vm31" failures="0" tests="4" name="AlteLeipziger.AlteLeipzigerRisikoLebensversicherungNachFehlerAblauf" time="79.852" errors="0" timestamp="2020-10-01T17:36:32 CEST" skipped="0">
  <testcase classname="AlteLeipziger.AlteLeipzigerRisikoLebensversicherungNachFehlerAblauf" name="testAlteLeipzigerRisikoLebensversicherung" time="20.882"/>
  <system-out/>
  <testcase classname="AlteLeipziger.AlteLeipzigerRisikoLebensversicherungNachFehlerAblauf" name="testAlteLeipzigerRisikoLebensversicherung" time="19.754"/>
  <system-out/>
  <testcase classname="AlteLeipziger.AlteLeipzigerRisikoLebensversicherungNachFehlerAblauf" name="testAlteLeipzigerRisikoLebensversicherung" time="19.999"/>
  <system-out/>
  <testcase classname="AlteLeipziger.AlteLeipzigerRisikoLebensversicherungNachFehlerAblauf" name="testAlteLeipzigerRisikoLebensversicherung" time="19.217"/>
  <system-out/>
</testsuite> <!-- AlteLeipziger.AlteLeipzigerRisikoLebensversicherungNachFehlerAblauf -->
