<?xml version="1.0" encoding="UTF-8"?>
<!-- Generated by org.testng.reporters.JUnitReportReporter -->
<testsuite hostname="forsa-vm31" failures="0" tests="24" name="TopZinsPortal.TZPAdminUserDeaktivieren" time="36.917" errors="0" timestamp="2021-02-16T11:54:48 CET" skipped="0">
  <testcase classname="TopZinsPortal.TZPAdminUserDeaktivieren" name="TZPAdminUserDeaktivierenTest" time="0.000"/>
  <system-out/>
  <testcase classname="TopZinsPortal.TZPAdminUserDeaktivieren" name="TZPAdminUserDeaktivierenTest" time="0.001"/>
  <system-out/>
  <testcase classname="TopZinsPortal.TZPAdminUserDeaktivieren" name="TZPAdminUserDeaktivierenTest" time="0.000"/>
  <system-out/>
  <testcase classname="TopZinsPortal.TZPAdminUserDeaktivieren" name="TZPAdminUserDeaktivierenTest" time="18.676"/>
  <system-out/>
  <testcase classname="TopZinsPortal.TZPAdminUserDeaktivieren" name="TZPAdminUserDeaktivierenTest" time="18.235"/>
  <system-out/>
  <testcase classname="TopZinsPortal.TZPAdminUserDeaktivieren" name="TZPAdminUserDeaktivierenTest" time="0.000"/>
  <system-out/>
  <testcase classname="TopZinsPortal.TZPAdminUserDeaktivieren" name="TZPAdminUserDeaktivierenTest" time="0.000"/>
  <system-out/>
  <testcase classname="TopZinsPortal.TZPAdminUserDeaktivieren" name="TZPAdminUserDeaktivierenTest" time="0.000"/>
  <system-out/>
  <testcase classname="TopZinsPortal.TZPAdminUserDeaktivieren" name="TZPAdminUserDeaktivierenTest" time="0.000"/>
  <system-out/>
  <testcase classname="TopZinsPortal.TZPAdminUserDeaktivieren" name="TZPAdminUserDeaktivierenTest" time="0.001"/>
  <system-out/>
  <testcase classname="TopZinsPortal.TZPAdminUserDeaktivieren" name="TZPAdminUserDeaktivierenTest" time="0.000"/>
  <system-out/>
  <testcase classname="TopZinsPortal.TZPAdminUserDeaktivieren" name="TZPAdminUserDeaktivierenTest" time="0.000"/>
  <system-out/>
  <testcase classname="TopZinsPortal.TZPAdminUserDeaktivieren" name="TZPAdminUserDeaktivierenTest" time="0.001"/>
  <system-out/>
  <testcase classname="TopZinsPortal.TZPAdminUserDeaktivieren" name="TZPAdminUserDeaktivierenTest" time="0.002"/>
  <system-out/>
  <testcase classname="TopZinsPortal.TZPAdminUserDeaktivieren" name="TZPAdminUserDeaktivierenTest" time="0.000"/>
  <system-out/>
  <testcase classname="TopZinsPortal.TZPAdminUserDeaktivieren" name="TZPAdminUserDeaktivierenTest" time="0.000"/>
  <system-out/>
  <testcase classname="TopZinsPortal.TZPAdminUserDeaktivieren" name="TZPAdminUserDeaktivierenTest" time="0.000"/>
  <system-out/>
  <testcase classname="TopZinsPortal.TZPAdminUserDeaktivieren" name="TZPAdminUserDeaktivierenTest" time="0.000"/>
  <system-out/>
  <testcase classname="TopZinsPortal.TZPAdminUserDeaktivieren" name="TZPAdminUserDeaktivierenTest" time="0.000"/>
  <system-out/>
  <testcase classname="TopZinsPortal.TZPAdminUserDeaktivieren" name="TZPAdminUserDeaktivierenTest" time="0.000"/>
  <system-out/>
  <testcase classname="TopZinsPortal.TZPAdminUserDeaktivieren" name="TZPAdminUserDeaktivierenTest" time="0.000"/>
  <system-out/>
  <testcase classname="TopZinsPortal.TZPAdminUserDeaktivieren" name="TZPAdminUserDeaktivierenTest" time="0.000"/>
  <system-out/>
  <testcase classname="TopZinsPortal.TZPAdminUserDeaktivieren" name="TZPAdminUserDeaktivierenTest" time="0.001"/>
  <system-out/>
  <testcase classname="TopZinsPortal.TZPAdminUserDeaktivieren" name="TZPAdminUserDeaktivierenTest" time="0.000"/>
  <system-out/>
</testsuite> <!-- TopZinsPortal.TZPAdminUserDeaktivieren -->
