<?xml version="1.0" encoding="UTF-8"?>
<!-- Generated by org.testng.reporters.JUnitReportReporter -->
<testsuite hostname="forsa-vm31" failures="0" tests="4" name="TopZinsPortal.TZPTransaktionAbschlussGN" time="42.183" errors="0" timestamp="2021-07-02T13:18:53 CEST" skipped="0">
  <testcase classname="TopZinsPortal.TZPTransaktionAbschlussGN" name="TZPTransaktionAbschlussGNTest" time="7.478"/>
  <system-out/>
  <testcase classname="TopZinsPortal.TZPTransaktionAbschlussGN" name="TZPTransaktionAbschlussGNTest" time="11.545"/>
  <system-out/>
  <testcase classname="TopZinsPortal.TZPTransaktionAbschlussGN" name="TZPTransaktionAbschlussGNTest" time="11.724"/>
  <system-out/>
  <testcase classname="TopZinsPortal.TZPTransaktionAbschlussGN" name="TZPTransaktionAbschlussGNTest" time="11.436"/>
  <system-out/>
</testsuite> <!-- TopZinsPortal.TZPTransaktionAbschlussGN -->
