<?xml version="1.0" encoding="UTF-8"?>
<!-- Generated by org.testng.reporters.JUnitReportReporter -->
<testsuite hostname="forsa-vm31" failures="0" tests="2" name="TopZinsPortal.TZPAdminUserLoeschenGG" time="15.694" errors="0" timestamp="2021-07-05T11:49:15 CEST" skipped="0">
  <testcase classname="TopZinsPortal.TZPAdminUserLoeschenGG" name="TZPAdminUserLoeschenGGTest" time="15.693"/>
  <system-out/>
  <testcase classname="TopZinsPortal.TZPAdminUserLoeschenGG" name="TZPAdminUserLoeschenGGTest" time="0.001"/>
  <system-out/>
</testsuite> <!-- TopZinsPortal.TZPAdminUserLoeschenGG -->
