<?xml version="1.0" encoding="UTF-8"?>
<!-- Generated by org.testng.reporters.JUnitReportReporter -->
<testsuite hostname="forsa-vm31" failures="0" tests="2" name="TopZinsPortal.TZPTenderAngebotAnnehmenGGSeveralUser" time="44.131" errors="0" timestamp="2021-07-17T08:41:29 CEST" skipped="0">
  <testcase classname="TopZinsPortal.TZPTenderAngebotAnnehmenGGSeveralUser" name="TZPTenderAngebotAnnehmenGGSeveralUserTest" time="21.993"/>
  <system-out/>
  <testcase classname="TopZinsPortal.TZPTenderAngebotAnnehmenGGSeveralUser" name="TZPTenderAngebotAnnehmenGGSeveralUserTest" time="22.138"/>
  <system-out/>
</testsuite> <!-- TopZinsPortal.TZPTenderAngebotAnnehmenGGSeveralUser -->
