<?xml version="1.0" encoding="UTF-8"?>
<!-- Generated by org.testng.reporters.JUnitReportReporter -->
<testsuite hostname="forsa-vm31" failures="0" tests="1" name="TopZinsPortal.TZPTransaktionStartGG" time="0.000" errors="0" timestamp="2021-01-18T15:02:10 CET" skipped="1">
  <testcase classname="TopZinsPortal.TZPTransaktionStartGG" name="TZPTransaktionStartGGTest" time="0.000">
    <skipped/>
  </testcase> <!-- TZPTransaktionStartGGTest -->
  <system-out/>
</testsuite> <!-- TopZinsPortal.TZPTransaktionStartGG -->
