<?xml version="1.0" encoding="UTF-8"?>
<!-- Generated by org.testng.reporters.JUnitReportReporter -->
<testsuite hostname="forsa-vm31" failures="0" tests="1" name="TopZinsPortal.TZPRegistrierungGN" time="13.620" errors="0" timestamp="2020-11-03T09:26:25 CET" skipped="0">
  <testcase classname="TopZinsPortal.TZPRegistrierungGN" name="TZRegGGTest" time="13.620"/>
  <system-out/>
</testsuite> <!-- TopZinsPortal.TZPRegistrierungGN -->
