<?xml version="1.0" encoding="UTF-8"?>
<!-- Generated by org.testng.reporters.JUnitReportReporter -->
<testsuite hostname="forsa-vm31" failures="0" tests="1" name="TopZinsPortal.TZPTenderStartGG" time="44.858" errors="0" timestamp="2021-06-02T11:52:00 CEST" skipped="0">
  <testcase classname="TopZinsPortal.TZPTenderStartGG" name="TZPTenderStartGGTest" time="44.858"/>
  <system-out/>
</testsuite> <!-- TopZinsPortal.TZPTenderStartGG -->
