<?xml version="1.0" encoding="UTF-8"?>
<!-- Generated by org.testng.reporters.JUnitReportReporter -->
<testsuite hostname="forsa-vm31" failures="0" tests="8" name="TopZinsPortal.TZPRegGN" time="216.025" errors="0" timestamp="2021-08-06T10:49:09 CEST" skipped="0">
  <testcase classname="TopZinsPortal.TZPRegGN" name="TZPRegGNTest" time="27.601"/>
  <system-out/>
  <testcase classname="TopZinsPortal.TZPRegGN" name="TZPRegGNTest" time="27.002"/>
  <system-out/>
  <testcase classname="TopZinsPortal.TZPRegGN" name="TZPRegGNTest" time="26.711"/>
  <system-out/>
  <testcase classname="TopZinsPortal.TZPRegGN" name="TZPRegGNTest" time="26.871"/>
  <system-out/>
  <testcase classname="TopZinsPortal.TZPRegGN" name="TZPRegGNTest" time="26.381"/>
  <system-out/>
  <testcase classname="TopZinsPortal.TZPRegGN" name="TZPRegGNTest" time="27.161"/>
  <system-out/>
  <testcase classname="TopZinsPortal.TZPRegGN" name="TZPRegGNTest" time="27.227"/>
  <system-out/>
  <testcase classname="TopZinsPortal.TZPRegGN" name="TZPRegGNTest" time="27.071"/>
  <system-out/>
</testsuite> <!-- TopZinsPortal.TZPRegGN -->
