<?xml version="1.0" encoding="UTF-8"?>
<!-- Generated by org.testng.reporters.JUnitReportReporter -->
<testsuite hostname="forsa-vm31" failures="0" tests="2" name="TopZinsPortal.TZPTenderAngebotSendenGNSeveralUser" time="112.444" errors="0" timestamp="2021-07-17T08:41:29 CEST" skipped="0">
  <testcase classname="TopZinsPortal.TZPTenderAngebotSendenGNSeveralUser" name="TZPTenderAngebotSendenGNSeveralUserTest" time="53.808"/>
  <system-out/>
  <testcase classname="TopZinsPortal.TZPTenderAngebotSendenGNSeveralUser" name="TZPTenderAngebotSendenGNSeveralUserTest" time="58.636"/>
  <system-out/>
</testsuite> <!-- TopZinsPortal.TZPTenderAngebotSendenGNSeveralUser -->
