<?xml version="1.0" encoding="UTF-8"?>
<!-- Generated by org.testng.reporters.JUnitReportReporter -->
<testsuite hostname="forsa-vm31" failures="0" tests="3" name="TopZinsPortal.TZPAdminSeveralUserDeaktivierenGN" time="44.860" errors="0" timestamp="2021-08-05T16:03:47 CEST" skipped="0">
  <testcase classname="TopZinsPortal.TZPAdminSeveralUserDeaktivierenGN" name="TZPAdminSeveralUserDeaktivierenGNTest" time="15.812"/>
  <system-out/>
  <testcase classname="TopZinsPortal.TZPAdminSeveralUserDeaktivierenGN" name="TZPAdminSeveralUserDeaktivierenGNTest" time="19.040"/>
  <system-out/>
  <testcase classname="TopZinsPortal.TZPAdminSeveralUserDeaktivierenGN" name="TZPAdminSeveralUserDeaktivierenGNTest" time="10.008"/>
  <system-out/>
</testsuite> <!-- TopZinsPortal.TZPAdminSeveralUserDeaktivierenGN -->
