<?xml version="1.0" encoding="UTF-8"?>
<!-- Generated by org.testng.reporters.JUnitReportReporter -->
<testsuite hostname="forsa-vm31" failures="0" tests="1" name="TopZinsPortal.TZPZinssatzVorgabeGN" time="35.246" errors="0" timestamp="2021-02-08T13:56:20 CET" skipped="0">
  <testcase classname="TopZinsPortal.TZPZinssatzVorgabeGN" name="TZPZinssatzVorgabeGNTest" time="35.246"/>
  <system-out/>
</testsuite> <!-- TopZinsPortal.TZPZinssatzVorgabeGN -->
