<?xml version="1.0" encoding="UTF-8"?>
<!-- Generated by org.testng.reporters.JUnitReportReporter -->
<testsuite hostname="forsa-vm31" failures="0" tests="2" name="TopZinsPortal.TZPTenderStartGG" time="34.923" errors="0" timestamp="2021-03-02T10:31:51 CET" skipped="0">
  <testcase classname="TopZinsPortal.TZPTenderStartGG" name="TZPTenderStartGGTest" time="34.919"/>
  <system-out/>
  <testcase classname="TopZinsPortal.TZPTenderStartGG" name="TZPTenderStartGGTest" time="0.004"/>
  <system-out/>
</testsuite> <!-- TopZinsPortal.TZPTenderStartGG -->
