<?xml version="1.0" encoding="UTF-8"?>
<!-- Generated by org.testng.reporters.JUnitReportReporter -->
<testsuite hostname="forsa-vm31" failures="0" tests="1" name="TopZinsPortal.TZPTenderStartGG" time="48.649" errors="0" timestamp="2021-05-21T10:46:41 CEST" skipped="0">
  <testcase classname="TopZinsPortal.TZPTenderStartGG" name="TZPTenderStartGGTest" time="48.649"/>
  <system-out/>
</testsuite> <!-- TopZinsPortal.TZPTenderStartGG -->
