<?xml version="1.0" encoding="UTF-8"?>
<!-- Generated by org.testng.reporters.JUnitReportReporter -->
<testsuite hostname="forsa-vm31" failures="0" tests="1" name="TopZinsPortal.TZPTenderStartGG" time="46.345" errors="0" timestamp="2021-07-17T08:11:03 CEST" skipped="0">
  <testcase classname="TopZinsPortal.TZPTenderStartGG" name="TZPTenderStartGGTest" time="46.345"/>
  <system-out/>
</testsuite> <!-- TopZinsPortal.TZPTenderStartGG -->
