<?xml version="1.0" encoding="UTF-8"?>
<!-- Generated by org.testng.reporters.JUnitReportReporter -->
<testsuite hostname="forsa-vm31" failures="0" tests="4" name="TopZinsPortal.TZPTransaktionStartGGSeveralUser" time="141.293" errors="0" timestamp="2021-08-06T16:56:37 CEST" skipped="0">
  <testcase classname="TopZinsPortal.TZPTransaktionStartGGSeveralUser" name="TZPTransaktionStartGGSeveralUserTest" time="34.948"/>
  <system-out/>
  <testcase classname="TopZinsPortal.TZPTransaktionStartGGSeveralUser" name="TZPTransaktionStartGGSeveralUserTest" time="35.372"/>
  <system-out/>
  <testcase classname="TopZinsPortal.TZPTransaktionStartGGSeveralUser" name="TZPTransaktionStartGGSeveralUserTest" time="34.795"/>
  <system-out/>
  <testcase classname="TopZinsPortal.TZPTransaktionStartGGSeveralUser" name="TZPTransaktionStartGGSeveralUserTest" time="36.178"/>
  <system-out/>
</testsuite> <!-- TopZinsPortal.TZPTransaktionStartGGSeveralUser -->
