<?xml version="1.0" encoding="UTF-8"?>
<!-- Generated by org.testng.reporters.JUnitReportReporter -->
<testsuite hostname="forsa-vm31" failures="0" tests="1" name="TopZinsPortal.TZPTenderAngebotSendenGN" time="56.393" errors="0" timestamp="2021-08-06T15:34:08 CEST" skipped="0">
  <testcase classname="TopZinsPortal.TZPTenderAngebotSendenGN" name="TZPTenderAngebotSendenGNTest" time="56.393"/>
  <system-out/>
</testsuite> <!-- TopZinsPortal.TZPTenderAngebotSendenGN -->
