<?xml version="1.0" encoding="UTF-8"?>
<!-- Generated by org.testng.reporters.JUnitReportReporter -->
<testsuite hostname="forsa-vm31" failures="0" tests="2" name="TopZinsPortal.TZPTenderAngebotSendenGNSeveralUser" time="111.558" errors="0" timestamp="2021-07-16T11:45:18 CEST" skipped="0">
  <testcase classname="TopZinsPortal.TZPTenderAngebotSendenGNSeveralUser" name="TZPTenderAngebotSendenGNSeveralUserTest" time="56.521"/>
  <system-out/>
  <testcase classname="TopZinsPortal.TZPTenderAngebotSendenGNSeveralUser" name="TZPTenderAngebotSendenGNSeveralUserTest" time="55.037"/>
  <system-out/>
</testsuite> <!-- TopZinsPortal.TZPTenderAngebotSendenGNSeveralUser -->
