<?xml version="1.0" encoding="UTF-8"?>
<!-- Generated by org.testng.reporters.JUnitReportReporter -->
<testsuite hostname="forsa-vm31" failures="0" tests="3" name="TopZinsPortal.TZPAdminSeveralUserLoeschenGG" time="43.852" errors="0" timestamp="2021-07-06T15:03:20 CEST" skipped="0">
  <testcase classname="TopZinsPortal.TZPAdminSeveralUserLoeschenGG" name="TZPAdminSeveralUserLoeschenGGTest" time="26.020"/>
  <system-out/>
  <testcase classname="TopZinsPortal.TZPAdminSeveralUserLoeschenGG" name="TZPAdminSeveralUserLoeschenGGTest" time="8.984"/>
  <system-out/>
  <testcase classname="TopZinsPortal.TZPAdminSeveralUserLoeschenGG" name="TZPAdminSeveralUserLoeschenGGTest" time="8.848"/>
  <system-out/>
</testsuite> <!-- TopZinsPortal.TZPAdminSeveralUserLoeschenGG -->
