<?xml version="1.0" encoding="UTF-8"?>
<!-- Generated by org.testng.reporters.JUnitReportReporter -->
<testsuite hostname="forsa-vm31" failures="0" tests="10" name="TopZinsPortal.TZPCheckEMailsSeveralUserGG" time="52.111" errors="0" timestamp="2021-07-16T12:30:37 CEST" skipped="0">
  <testcase classname="TopZinsPortal.TZPCheckEMailsSeveralUserGG" name="TZPCheckEMailSeveralUserGGTest" time="4.510"/>
  <system-out/>
  <testcase classname="TopZinsPortal.TZPCheckEMailsSeveralUserGG" name="TZPCheckEMailSeveralUserGGTest" time="4.507"/>
  <system-out/>
  <testcase classname="TopZinsPortal.TZPCheckEMailsSeveralUserGG" name="TZPCheckEMailSeveralUserGGTest" time="4.513"/>
  <system-out/>
  <testcase classname="TopZinsPortal.TZPCheckEMailsSeveralUserGG" name="TZPCheckEMailSeveralUserGGTest" time="4.512"/>
  <system-out/>
  <testcase classname="TopZinsPortal.TZPCheckEMailsSeveralUserGG" name="TZPCheckEMailSeveralUserGGTest" time="4.507"/>
  <system-out/>
  <testcase classname="TopZinsPortal.TZPCheckEMailsSeveralUserGG" name="TZPCheckEMailSeveralUserGGTest" time="6.402"/>
  <system-out/>
  <testcase classname="TopZinsPortal.TZPCheckEMailsSeveralUserGG" name="TZPCheckEMailSeveralUserGGTest" time="4.504"/>
  <system-out/>
  <testcase classname="TopZinsPortal.TZPCheckEMailsSeveralUserGG" name="TZPCheckEMailSeveralUserGGTest" time="9.632"/>
  <system-out/>
  <testcase classname="TopZinsPortal.TZPCheckEMailsSeveralUserGG" name="TZPCheckEMailSeveralUserGGTest" time="4.510"/>
  <system-out/>
  <testcase classname="TopZinsPortal.TZPCheckEMailsSeveralUserGG" name="TZPCheckEMailSeveralUserGGTest" time="4.514"/>
  <system-out/>
</testsuite> <!-- TopZinsPortal.TZPCheckEMailsSeveralUserGG -->
