<?xml version="1.0" encoding="UTF-8"?>
<!-- Generated by org.testng.reporters.JUnitReportReporter -->
<testsuite hostname="forsa-vm31" failures="0" tests="4" name="TopZinsPortal.TZPTransaktionAkzeptierenGG" time="66.543" errors="0" timestamp="2021-06-11T15:31:22 CEST" skipped="0">
  <testcase classname="TopZinsPortal.TZPTransaktionAkzeptierenGG" name="TZPTransaktionAkzeptierenGGTest" time="17.373"/>
  <system-out/>
  <testcase classname="TopZinsPortal.TZPTransaktionAkzeptierenGG" name="TZPTransaktionAkzeptierenGGTest" time="19.122"/>
  <system-out/>
  <testcase classname="TopZinsPortal.TZPTransaktionAkzeptierenGG" name="TZPTransaktionAkzeptierenGGTest" time="16.824"/>
  <system-out/>
  <testcase classname="TopZinsPortal.TZPTransaktionAkzeptierenGG" name="TZPTransaktionAkzeptierenGGTest" time="13.224"/>
  <system-out/>
</testsuite> <!-- TopZinsPortal.TZPTransaktionAkzeptierenGG -->
