<?xml version="1.0" encoding="UTF-8"?>
<!-- Generated by org.testng.reporters.JUnitReportReporter -->
<testsuite hostname="forsa-vm31" failures="0" tests="3" name="TopZinsPortal.TZPSeveralUserGNEinladung" time="101.789" errors="0" timestamp="2021-06-15T14:08:25 CEST" skipped="0">
  <testcase classname="TopZinsPortal.TZPSeveralUserGNEinladung" name="TZPSeveralUserEinladenGNTest" time="33.319"/>
  <system-out/>
  <testcase classname="TopZinsPortal.TZPSeveralUserGNEinladung" name="TZPSeveralUserEinladenGNTest" time="33.749"/>
  <system-out/>
  <testcase classname="TopZinsPortal.TZPSeveralUserGNEinladung" name="TZPSeveralUserEinladenGNTest" time="34.721"/>
  <system-out/>
</testsuite> <!-- TopZinsPortal.TZPSeveralUserGNEinladung -->
