<?xml version="1.0" encoding="UTF-8"?>
<!-- Generated by org.testng.reporters.JUnitReportReporter -->
<testsuite hostname="forsa-vm31" failures="0" tests="3" name="TopZinsPortal.TZPLoginGG" time="25.164" errors="0" timestamp="2021-07-17T07:43:47 CEST" skipped="0">
  <testcase classname="TopZinsPortal.TZPLoginGG" name="TZPLoginGGTest" time="12.559"/>
  <system-out/>
  <testcase classname="TopZinsPortal.TZPLoginGG" name="TZPLoginGGTest" time="0.001"/>
  <system-out/>
  <testcase classname="TopZinsPortal.TZPLoginGG" name="TZPLoginGGTest" time="12.604"/>
  <system-out/>
</testsuite> <!-- TopZinsPortal.TZPLoginGG -->
