<?xml version="1.0" encoding="UTF-8"?>
<!-- Generated by org.testng.reporters.JUnitReportReporter -->
<testsuite hostname="forsa-vm31" failures="0" tests="3" name="TopZinsPortal.TZPTransaktionBearbeitenAdmin" time="26.891" errors="0" timestamp="2021-05-07T16:45:51 CEST" skipped="0">
  <testcase classname="TopZinsPortal.TZPTransaktionBearbeitenAdmin" name="TZPTransaktionBearbeitenAdminTest" time="5.399"/>
  <system-out/>
  <testcase classname="TopZinsPortal.TZPTransaktionBearbeitenAdmin" name="TZPTransaktionBearbeitenAdminTest" time="16.419"/>
  <system-out/>
  <testcase classname="TopZinsPortal.TZPTransaktionBearbeitenAdmin" name="TZPTransaktionBearbeitenAdminTest" time="5.073"/>
  <system-out/>
</testsuite> <!-- TopZinsPortal.TZPTransaktionBearbeitenAdmin -->
