<?xml version="1.0" encoding="UTF-8"?>
<!-- Generated by org.testng.reporters.JUnitReportReporter -->
<testsuite hostname="forsa-vm31" failures="0" tests="6" name="TopZinsPortal.TZPAdminUserDeaktivierenGN" time="40.803" errors="0" timestamp="2021-02-25T13:37:59 CET" skipped="0">
  <testcase classname="TopZinsPortal.TZPAdminUserDeaktivierenGN" name="TZPAdminUserDeaktivierenGNTest" time="0.001"/>
  <system-out/>
  <testcase classname="TopZinsPortal.TZPAdminUserDeaktivierenGN" name="TZPAdminUserDeaktivierenGNTest" time="0.001"/>
  <system-out/>
  <testcase classname="TopZinsPortal.TZPAdminUserDeaktivierenGN" name="TZPAdminUserDeaktivierenGNTest" time="0.001"/>
  <system-out/>
  <testcase classname="TopZinsPortal.TZPAdminUserDeaktivierenGN" name="TZPAdminUserDeaktivierenGNTest" time="21.043"/>
  <system-out/>
  <testcase classname="TopZinsPortal.TZPAdminUserDeaktivierenGN" name="TZPAdminUserDeaktivierenGNTest" time="19.756"/>
  <system-out/>
  <testcase classname="TopZinsPortal.TZPAdminUserDeaktivierenGN" name="TZPAdminUserDeaktivierenGNTest" time="0.001"/>
  <system-out/>
</testsuite> <!-- TopZinsPortal.TZPAdminUserDeaktivierenGN -->
