<?xml version="1.0" encoding="UTF-8"?>
<!-- Generated by org.testng.reporters.JUnitReportReporter -->
<testsuite hostname="forsa-vm31" failures="0" tests="6" name="TopZinsPortal.TZPAdminUserDeaktivierenGG" time="45.015" errors="0" timestamp="2021-03-12T14:28:37 CET" skipped="0">
  <testcase classname="TopZinsPortal.TZPAdminUserDeaktivierenGG" name="TZPAdminUserDeaktivierenGGTest" time="0.001"/>
  <system-out/>
  <testcase classname="TopZinsPortal.TZPAdminUserDeaktivierenGG" name="TZPAdminUserDeaktivierenGGTest" time="0.000"/>
  <system-out/>
  <testcase classname="TopZinsPortal.TZPAdminUserDeaktivierenGG" name="TZPAdminUserDeaktivierenGGTest" time="23.450"/>
  <system-out/>
  <testcase classname="TopZinsPortal.TZPAdminUserDeaktivierenGG" name="TZPAdminUserDeaktivierenGGTest" time="0.000"/>
  <system-out/>
  <testcase classname="TopZinsPortal.TZPAdminUserDeaktivierenGG" name="TZPAdminUserDeaktivierenGGTest" time="21.564"/>
  <system-out/>
  <testcase classname="TopZinsPortal.TZPAdminUserDeaktivierenGG" name="TZPAdminUserDeaktivierenGGTest" time="0.000"/>
  <system-out/>
</testsuite> <!-- TopZinsPortal.TZPAdminUserDeaktivierenGG -->
