<?xml version="1.0" encoding="UTF-8"?>
<!-- Generated by org.testng.reporters.JUnitReportReporter -->
<testsuite hostname="forsa-vm31" failures="0" tests="4" name="TopZinsPortal.TZPTransaktionAkzeptierenGGSeveralUser" time="57.645" errors="0" timestamp="2021-07-17T08:35:39 CEST" skipped="0">
  <testcase classname="TopZinsPortal.TZPTransaktionAkzeptierenGGSeveralUser" name="TZPTransaktionAkzeptierenGGSeveralUserTest" time="15.949"/>
  <system-out/>
  <testcase classname="TopZinsPortal.TZPTransaktionAkzeptierenGGSeveralUser" name="TZPTransaktionAkzeptierenGGSeveralUserTest" time="10.422"/>
  <system-out/>
  <testcase classname="TopZinsPortal.TZPTransaktionAkzeptierenGGSeveralUser" name="TZPTransaktionAkzeptierenGGSeveralUserTest" time="15.769"/>
  <system-out/>
  <testcase classname="TopZinsPortal.TZPTransaktionAkzeptierenGGSeveralUser" name="TZPTransaktionAkzeptierenGGSeveralUserTest" time="15.505"/>
  <system-out/>
</testsuite> <!-- TopZinsPortal.TZPTransaktionAkzeptierenGGSeveralUser -->
