<?xml version="1.0" encoding="UTF-8"?>
<!-- Generated by org.testng.reporters.JUnitReportReporter -->
<testsuite hostname="forsa-vm31" failures="0" tests="14" name="TopZinsPortal.TZPRegGG" time="96.478" errors="0" timestamp="2020-12-30T15:49:01 CET" skipped="0">
  <testcase classname="TopZinsPortal.TZPRegGG" name="TZPRegGGTest" time="0.000"/>
  <system-out/>
  <testcase classname="TopZinsPortal.TZPRegGG" name="TZPRegGGTest" time="0.001"/>
  <system-out/>
  <testcase classname="TopZinsPortal.TZPRegGG" name="TZPRegGGTest" time="0.001"/>
  <system-out/>
  <testcase classname="TopZinsPortal.TZPRegGG" name="TZPRegGGTest" time="0.001"/>
  <system-out/>
  <testcase classname="TopZinsPortal.TZPRegGG" name="TZPRegGGTest" time="19.183"/>
  <system-out/>
  <testcase classname="TopZinsPortal.TZPRegGG" name="TZPRegGGTest" time="19.718"/>
  <system-out/>
  <testcase classname="TopZinsPortal.TZPRegGG" name="TZPRegGGTest" time="0.002"/>
  <system-out/>
  <testcase classname="TopZinsPortal.TZPRegGG" name="TZPRegGGTest" time="19.738"/>
  <system-out/>
  <testcase classname="TopZinsPortal.TZPRegGG" name="TZPRegGGTest" time="0.001"/>
  <system-out/>
  <testcase classname="TopZinsPortal.TZPRegGG" name="TZPRegGGTest" time="0.001"/>
  <system-out/>
  <testcase classname="TopZinsPortal.TZPRegGG" name="TZPRegGGTest" time="18.833"/>
  <system-out/>
  <testcase classname="TopZinsPortal.TZPRegGG" name="TZPRegGGTest" time="0.001"/>
  <system-out/>
  <testcase classname="TopZinsPortal.TZPRegGG" name="TZPRegGGTest" time="0.000"/>
  <system-out/>
  <testcase classname="TopZinsPortal.TZPRegGG" name="TZPRegGGTest" time="18.998"/>
  <system-out/>
</testsuite> <!-- TopZinsPortal.TZPRegGG -->
