<?xml version="1.0" encoding="UTF-8"?>
<!-- Generated by org.testng.reporters.JUnitReportReporter -->
<testsuite hostname="forsa-vm31" failures="0" tests="23" name="TopZinsPortal.TZPRegGG" time="121.836" errors="0" timestamp="2021-03-12T14:28:37 CET" skipped="0">
  <testcase classname="TopZinsPortal.TZPRegGG" name="TZPRegGGTest" time="0.001"/>
  <system-out/>
  <testcase classname="TopZinsPortal.TZPRegGG" name="TZPRegGGTest" time="0.001"/>
  <system-out/>
  <testcase classname="TopZinsPortal.TZPRegGG" name="TZPRegGGTest" time="0.001"/>
  <system-out/>
  <testcase classname="TopZinsPortal.TZPRegGG" name="TZPRegGGTest" time="0.001"/>
  <system-out/>
  <testcase classname="TopZinsPortal.TZPRegGG" name="TZPRegGGTest" time="24.214"/>
  <system-out/>
  <testcase classname="TopZinsPortal.TZPRegGG" name="TZPRegGGTest" time="0.000"/>
  <system-out/>
  <testcase classname="TopZinsPortal.TZPRegGG" name="TZPRegGGTest" time="0.000"/>
  <system-out/>
  <testcase classname="TopZinsPortal.TZPRegGG" name="TZPRegGGTest" time="0.001"/>
  <system-out/>
  <testcase classname="TopZinsPortal.TZPRegGG" name="TZPRegGGTest" time="24.107"/>
  <system-out/>
  <testcase classname="TopZinsPortal.TZPRegGG" name="TZPRegGGTest" time="0.000"/>
  <system-out/>
  <testcase classname="TopZinsPortal.TZPRegGG" name="TZPRegGGTest" time="0.001"/>
  <system-out/>
  <testcase classname="TopZinsPortal.TZPRegGG" name="TZPRegGGTest" time="0.001"/>
  <system-out/>
  <testcase classname="TopZinsPortal.TZPRegGG" name="TZPRegGGTest" time="0.001"/>
  <system-out/>
  <testcase classname="TopZinsPortal.TZPRegGG" name="TZPRegGGTest" time="0.000"/>
  <system-out/>
  <testcase classname="TopZinsPortal.TZPRegGG" name="TZPRegGGTest" time="24.008"/>
  <system-out/>
  <testcase classname="TopZinsPortal.TZPRegGG" name="TZPRegGGTest" time="25.037"/>
  <system-out/>
  <testcase classname="TopZinsPortal.TZPRegGG" name="TZPRegGGTest" time="0.001"/>
  <system-out/>
  <testcase classname="TopZinsPortal.TZPRegGG" name="TZPRegGGTest" time="0.001"/>
  <system-out/>
  <testcase classname="TopZinsPortal.TZPRegGG" name="TZPRegGGTest" time="0.001"/>
  <system-out/>
  <testcase classname="TopZinsPortal.TZPRegGG" name="TZPRegGGTest" time="0.001"/>
  <system-out/>
  <testcase classname="TopZinsPortal.TZPRegGG" name="TZPRegGGTest" time="24.456"/>
  <system-out/>
  <testcase classname="TopZinsPortal.TZPRegGG" name="TZPRegGGTest" time="0.001"/>
  <system-out/>
  <testcase classname="TopZinsPortal.TZPRegGG" name="TZPRegGGTest" time="0.001"/>
  <system-out/>
</testsuite> <!-- TopZinsPortal.TZPRegGG -->
