<?xml version="1.0" encoding="UTF-8"?>
<!-- Generated by org.testng.reporters.JUnitReportReporter -->
<testsuite hostname="forsa-vm31" failures="0" tests="5" name="TopZinsPortal.TZPLoginGN" time="63.225" errors="0" timestamp="2021-04-07T14:51:43 CEST" skipped="0">
  <testcase classname="TopZinsPortal.TZPLoginGN" name="TZPLoginGNTest" time="11.345"/>
  <system-out/>
  <testcase classname="TopZinsPortal.TZPLoginGN" name="TZPLoginGNTest" time="13.550"/>
  <system-out/>
  <testcase classname="TopZinsPortal.TZPLoginGN" name="TZPLoginGNTest" time="11.355"/>
  <system-out/>
  <testcase classname="TopZinsPortal.TZPLoginGN" name="TZPLoginGNTest" time="15.473"/>
  <system-out/>
  <testcase classname="TopZinsPortal.TZPLoginGN" name="TZPLoginGNTest" time="11.502"/>
  <system-out/>
</testsuite> <!-- TopZinsPortal.TZPLoginGN -->
