<?xml version="1.0" encoding="UTF-8"?>
<!-- Generated by org.testng.reporters.JUnitReportReporter -->
<testsuite hostname="forsa-vm31" failures="0" tests="5" name="TopZinsPortal.TZPLoginGG" time="35.720" errors="0" timestamp="2021-03-26T10:40:28 CET" skipped="0">
  <testcase classname="TopZinsPortal.TZPLoginGG" name="TZPLoginGGTest" time="11.994"/>
  <system-out/>
  <testcase classname="TopZinsPortal.TZPLoginGG" name="TZPLoginGGTest" time="12.163"/>
  <system-out/>
  <testcase classname="TopZinsPortal.TZPLoginGG" name="TZPLoginGGTest" time="11.562"/>
  <system-out/>
  <testcase classname="TopZinsPortal.TZPLoginGG" name="TZPLoginGGTest" time="0.000"/>
  <system-out/>
  <testcase classname="TopZinsPortal.TZPLoginGG" name="TZPLoginGGTest" time="0.001"/>
  <system-out/>
</testsuite> <!-- TopZinsPortal.TZPLoginGG -->
