<?xml version="1.0" encoding="UTF-8"?>
<!-- Generated by org.testng.reporters.JUnitReportReporter -->
<testsuite hostname="forsa-vm31" failures="0" tests="1" name="TopZinsPortal.TZPAdminApplitoolScreenshots" time="145.989" errors="0" timestamp="2021-05-17T09:09:27 CEST" skipped="0">
  <testcase classname="TopZinsPortal.TZPAdminApplitoolScreenshots" name="TZPApplitoolScreenshot" time="145.989"/>
  <system-out/>
</testsuite> <!-- TopZinsPortal.TZPAdminApplitoolScreenshots -->
