<?xml version="1.0" encoding="UTF-8"?>
<!-- Generated by org.testng.reporters.JUnitReportReporter -->
<testsuite hostname="forsa-vm31" failures="0" tests="4" name="TopZinsPortal.TZPTransaktionAbschlussGN" time="44.735" errors="0" timestamp="2021-08-06T11:03:54 CEST" skipped="0">
  <testcase classname="TopZinsPortal.TZPTransaktionAbschlussGN" name="TZPTransaktionAbschlussGNTest" time="12.256"/>
  <system-out/>
  <testcase classname="TopZinsPortal.TZPTransaktionAbschlussGN" name="TZPTransaktionAbschlussGNTest" time="12.740"/>
  <system-out/>
  <testcase classname="TopZinsPortal.TZPTransaktionAbschlussGN" name="TZPTransaktionAbschlussGNTest" time="12.280"/>
  <system-out/>
  <testcase classname="TopZinsPortal.TZPTransaktionAbschlussGN" name="TZPTransaktionAbschlussGNTest" time="7.459"/>
  <system-out/>
</testsuite> <!-- TopZinsPortal.TZPTransaktionAbschlussGN -->
