<?xml version="1.0" encoding="UTF-8"?>
<!-- Generated by org.testng.reporters.JUnitReportReporter -->
<testsuite hostname="forsa-vm31" failures="0" tests="1" name="TopZinsPortal.TZPTransaktionAkzeptierenGN" time="12.077" errors="0" timestamp="2021-02-16T14:53:30 CET" skipped="0">
  <testcase classname="TopZinsPortal.TZPTransaktionAkzeptierenGN" name="TZPTransaktionAkzeptierenGNTest" time="12.077"/>
  <system-out/>
</testsuite> <!-- TopZinsPortal.TZPTransaktionAkzeptierenGN -->
