<?xml version="1.0" encoding="UTF-8"?>
<!-- Generated by org.testng.reporters.JUnitReportReporter -->
<testsuite hostname="forsa-vm31" failures="0" tests="7" name="TopZinsPortal.TZPStammGG" time="156.454" errors="0" timestamp="2021-02-16T11:54:48 CET" skipped="0">
  <testcase classname="TopZinsPortal.TZPStammGG" name="TZPStammGGTest" time="0.001"/>
  <system-out/>
  <testcase classname="TopZinsPortal.TZPStammGG" name="TZPStammGGTest" time="0.001"/>
  <system-out/>
  <testcase classname="TopZinsPortal.TZPStammGG" name="TZPStammGGTest" time="0.001"/>
  <system-out/>
  <testcase classname="TopZinsPortal.TZPStammGG" name="TZPStammGGTest" time="0.001"/>
  <system-out/>
  <testcase classname="TopZinsPortal.TZPStammGG" name="TZPStammGGTest" time="77.060"/>
  <system-out/>
  <testcase classname="TopZinsPortal.TZPStammGG" name="TZPStammGGTest" time="0.001"/>
  <system-out/>
  <testcase classname="TopZinsPortal.TZPStammGG" name="TZPStammGGTest" time="79.389"/>
  <system-out/>
</testsuite> <!-- TopZinsPortal.TZPStammGG -->
