<?xml version="1.0" encoding="UTF-8"?>
<!-- Generated by org.testng.reporters.JUnitReportReporter -->
<testsuite hostname="forsa-vm31" failures="0" tests="6" name="TopZinsPortal.TZPCheckEMailsSeveralUserGG" time="33.753" errors="0" timestamp="2021-07-05T10:00:20 CEST" skipped="0">
  <testcase classname="TopZinsPortal.TZPCheckEMailsSeveralUserGG" name="TZPCheckEMailSeveralUserGGTest" time="4.509"/>
  <system-out/>
  <testcase classname="TopZinsPortal.TZPCheckEMailsSeveralUserGG" name="TZPCheckEMailSeveralUserGGTest" time="4.510"/>
  <system-out/>
  <testcase classname="TopZinsPortal.TZPCheckEMailsSeveralUserGG" name="TZPCheckEMailSeveralUserGGTest" time="4.508"/>
  <system-out/>
  <testcase classname="TopZinsPortal.TZPCheckEMailsSeveralUserGG" name="TZPCheckEMailSeveralUserGGTest" time="9.754"/>
  <system-out/>
  <testcase classname="TopZinsPortal.TZPCheckEMailsSeveralUserGG" name="TZPCheckEMailSeveralUserGGTest" time="4.509"/>
  <system-out/>
  <testcase classname="TopZinsPortal.TZPCheckEMailsSeveralUserGG" name="TZPCheckEMailSeveralUserGGTest" time="5.963"/>
  <system-out/>
</testsuite> <!-- TopZinsPortal.TZPCheckEMailsSeveralUserGG -->
