<?xml version="1.0" encoding="UTF-8"?>
<!-- Generated by org.testng.reporters.JUnitReportReporter -->
<testsuite hostname="forsa-vm31" failures="0" tests="2" name="TopZinsPortal.TZPAdminUserDeaktivierenGG" time="65.284" errors="0" timestamp="2021-07-16T09:23:38 CEST" skipped="0">
  <testcase classname="TopZinsPortal.TZPAdminUserDeaktivierenGG" name="TZPAdminUserDeaktivierenGGTest" time="35.656"/>
  <system-out/>
  <testcase classname="TopZinsPortal.TZPAdminUserDeaktivierenGG" name="TZPAdminUserDeaktivierenGGTest" time="29.628"/>
  <system-out/>
</testsuite> <!-- TopZinsPortal.TZPAdminUserDeaktivierenGG -->
