<?xml version="1.0" encoding="UTF-8"?>
<!-- Generated by org.testng.reporters.JUnitReportReporter -->
<testsuite hostname="forsa-vm31" failures="0" tests="4" name="TopZinsPortal.TZPTransaktionStartGGSeveralUser" time="132.786" errors="0" timestamp="2021-07-16T11:19:10 CEST" skipped="0">
  <testcase classname="TopZinsPortal.TZPTransaktionStartGGSeveralUser" name="TZPTransaktionStartGGSeveralUserTest" time="34.872"/>
  <system-out/>
  <testcase classname="TopZinsPortal.TZPTransaktionStartGGSeveralUser" name="TZPTransaktionStartGGSeveralUserTest" time="31.765"/>
  <system-out/>
  <testcase classname="TopZinsPortal.TZPTransaktionStartGGSeveralUser" name="TZPTransaktionStartGGSeveralUserTest" time="32.889"/>
  <system-out/>
  <testcase classname="TopZinsPortal.TZPTransaktionStartGGSeveralUser" name="TZPTransaktionStartGGSeveralUserTest" time="33.260"/>
  <system-out/>
</testsuite> <!-- TopZinsPortal.TZPTransaktionStartGGSeveralUser -->
