<?xml version="1.0" encoding="UTF-8"?>
<!-- Generated by org.testng.reporters.JUnitReportReporter -->
<testsuite hostname="forsa-vm31" failures="0" tests="1" name="TopZinsPortal.TZPTenderStartGG" time="20.320" errors="0" timestamp="2021-02-05T16:04:37 CET" skipped="0">
  <testcase classname="TopZinsPortal.TZPTenderStartGG" name="TZPTenderStartGGTest" time="20.320"/>
  <system-out/>
</testsuite> <!-- TopZinsPortal.TZPTenderStartGG -->
