<?xml version="1.0" encoding="UTF-8"?>
<!-- Generated by org.testng.reporters.JUnitReportReporter -->
<testsuite hostname="forsa-vm31" failures="0" tests="24" name="TopZinsPortal.TZPAdminUserDeaktivieren" time="38.004" errors="0" timestamp="2021-01-30T11:44:07 CET" skipped="0">
  <testcase classname="TopZinsPortal.TZPAdminUserDeaktivieren" name="TZPAdminUserDeaktivierenTest" time="0.001"/>
  <system-out/>
  <testcase classname="TopZinsPortal.TZPAdminUserDeaktivieren" name="TZPAdminUserDeaktivierenTest" time="0.003"/>
  <system-out/>
  <testcase classname="TopZinsPortal.TZPAdminUserDeaktivieren" name="TZPAdminUserDeaktivierenTest" time="0.001"/>
  <system-out/>
  <testcase classname="TopZinsPortal.TZPAdminUserDeaktivieren" name="TZPAdminUserDeaktivierenTest" time="0.001"/>
  <system-out/>
  <testcase classname="TopZinsPortal.TZPAdminUserDeaktivieren" name="TZPAdminUserDeaktivierenTest" time="0.000"/>
  <system-out/>
  <testcase classname="TopZinsPortal.TZPAdminUserDeaktivieren" name="TZPAdminUserDeaktivierenTest" time="19.289"/>
  <system-out/>
  <testcase classname="TopZinsPortal.TZPAdminUserDeaktivieren" name="TZPAdminUserDeaktivierenTest" time="0.000"/>
  <system-out/>
  <testcase classname="TopZinsPortal.TZPAdminUserDeaktivieren" name="TZPAdminUserDeaktivierenTest" time="0.000"/>
  <system-out/>
  <testcase classname="TopZinsPortal.TZPAdminUserDeaktivieren" name="TZPAdminUserDeaktivierenTest" time="0.001"/>
  <system-out/>
  <testcase classname="TopZinsPortal.TZPAdminUserDeaktivieren" name="TZPAdminUserDeaktivierenTest" time="0.001"/>
  <system-out/>
  <testcase classname="TopZinsPortal.TZPAdminUserDeaktivieren" name="TZPAdminUserDeaktivierenTest" time="0.000"/>
  <system-out/>
  <testcase classname="TopZinsPortal.TZPAdminUserDeaktivieren" name="TZPAdminUserDeaktivierenTest" time="0.000"/>
  <system-out/>
  <testcase classname="TopZinsPortal.TZPAdminUserDeaktivieren" name="TZPAdminUserDeaktivierenTest" time="0.005"/>
  <system-out/>
  <testcase classname="TopZinsPortal.TZPAdminUserDeaktivieren" name="TZPAdminUserDeaktivierenTest" time="0.001"/>
  <system-out/>
  <testcase classname="TopZinsPortal.TZPAdminUserDeaktivieren" name="TZPAdminUserDeaktivierenTest" time="18.691"/>
  <system-out/>
  <testcase classname="TopZinsPortal.TZPAdminUserDeaktivieren" name="TZPAdminUserDeaktivierenTest" time="0.000"/>
  <system-out/>
  <testcase classname="TopZinsPortal.TZPAdminUserDeaktivieren" name="TZPAdminUserDeaktivierenTest" time="0.002"/>
  <system-out/>
  <testcase classname="TopZinsPortal.TZPAdminUserDeaktivieren" name="TZPAdminUserDeaktivierenTest" time="0.001"/>
  <system-out/>
  <testcase classname="TopZinsPortal.TZPAdminUserDeaktivieren" name="TZPAdminUserDeaktivierenTest" time="0.001"/>
  <system-out/>
  <testcase classname="TopZinsPortal.TZPAdminUserDeaktivieren" name="TZPAdminUserDeaktivierenTest" time="0.002"/>
  <system-out/>
  <testcase classname="TopZinsPortal.TZPAdminUserDeaktivieren" name="TZPAdminUserDeaktivierenTest" time="0.001"/>
  <system-out/>
  <testcase classname="TopZinsPortal.TZPAdminUserDeaktivieren" name="TZPAdminUserDeaktivierenTest" time="0.000"/>
  <system-out/>
  <testcase classname="TopZinsPortal.TZPAdminUserDeaktivieren" name="TZPAdminUserDeaktivierenTest" time="0.001"/>
  <system-out/>
  <testcase classname="TopZinsPortal.TZPAdminUserDeaktivieren" name="TZPAdminUserDeaktivierenTest" time="0.002"/>
  <system-out/>
</testsuite> <!-- TopZinsPortal.TZPAdminUserDeaktivieren -->
