<?xml version="1.0" encoding="UTF-8"?>
<!-- Generated by org.testng.reporters.JUnitReportReporter -->
<testsuite hostname="forsa-vm31" failures="0" tests="4" name="TopZinsPortal.TZPTransaktionAbschlussGNSeveralUser" time="42.121" errors="0" timestamp="2021-07-16T11:19:10 CEST" skipped="0">
  <testcase classname="TopZinsPortal.TZPTransaktionAbschlussGNSeveralUser" name="TZPTransaktionAbschlussGNSeveralUserTest" time="11.509"/>
  <system-out/>
  <testcase classname="TopZinsPortal.TZPTransaktionAbschlussGNSeveralUser" name="TZPTransaktionAbschlussGNSeveralUserTest" time="11.463"/>
  <system-out/>
  <testcase classname="TopZinsPortal.TZPTransaktionAbschlussGNSeveralUser" name="TZPTransaktionAbschlussGNSeveralUserTest" time="7.532"/>
  <system-out/>
  <testcase classname="TopZinsPortal.TZPTransaktionAbschlussGNSeveralUser" name="TZPTransaktionAbschlussGNSeveralUserTest" time="11.617"/>
  <system-out/>
</testsuite> <!-- TopZinsPortal.TZPTransaktionAbschlussGNSeveralUser -->
