<?xml version="1.0" encoding="UTF-8"?>
<!-- Generated by org.testng.reporters.JUnitReportReporter -->
<testsuite hostname="forsa-vm31" failures="0" tests="1" name="TopZinsPortal.TZPTenderAngebotAnnehmenGG" time="24.508" errors="0" timestamp="2021-05-21T10:46:41 CEST" skipped="0">
  <testcase classname="TopZinsPortal.TZPTenderAngebotAnnehmenGG" name="TZPTenderAngebotAnnehmenGGTest" time="24.508"/>
  <system-out/>
</testsuite> <!-- TopZinsPortal.TZPTenderAngebotAnnehmenGG -->
