<?xml version="1.0" encoding="UTF-8"?>
<!-- Generated by org.testng.reporters.JUnitReportReporter -->
<testsuite hostname="forsa-vm31" failures="0" tests="2" name="TopZinsPortal.TZPTenderAngebotSendenGNSeveralUser" time="112.209" errors="0" timestamp="2021-08-06T17:15:46 CEST" skipped="0">
  <testcase classname="TopZinsPortal.TZPTenderAngebotSendenGNSeveralUser" name="TZPTenderAngebotSendenGNSeveralUserTest" time="56.706"/>
  <system-out/>
  <testcase classname="TopZinsPortal.TZPTenderAngebotSendenGNSeveralUser" name="TZPTenderAngebotSendenGNSeveralUserTest" time="55.503"/>
  <system-out/>
</testsuite> <!-- TopZinsPortal.TZPTenderAngebotSendenGNSeveralUser -->
