<?xml version="1.0" encoding="UTF-8"?>
<!-- Generated by org.testng.reporters.JUnitReportReporter -->
<testsuite hostname="forsa-vm31" failures="0" tests="10" name="TopZinsPortal.TZPStammGN" time="163.832" errors="0" timestamp="2021-02-16T13:52:43 CET" skipped="0">
  <testcase classname="TopZinsPortal.TZPStammGN" name="TZPStammGNTest" time="80.237"/>
  <system-out/>
  <testcase classname="TopZinsPortal.TZPStammGN" name="TZPStammGNTest" time="0.000"/>
  <system-out/>
  <testcase classname="TopZinsPortal.TZPStammGN" name="TZPStammGNTest" time="0.001"/>
  <system-out/>
  <testcase classname="TopZinsPortal.TZPStammGN" name="TZPStammGNTest" time="0.001"/>
  <system-out/>
  <testcase classname="TopZinsPortal.TZPStammGN" name="TZPStammGNTest" time="83.586"/>
  <system-out/>
  <testcase classname="TopZinsPortal.TZPStammGN" name="TZPStammGNTest" time="0.001"/>
  <system-out/>
  <testcase classname="TopZinsPortal.TZPStammGN" name="TZPStammGNTest" time="0.002"/>
  <system-out/>
  <testcase classname="TopZinsPortal.TZPStammGN" name="TZPStammGNTest" time="0.002"/>
  <system-out/>
  <testcase classname="TopZinsPortal.TZPStammGN" name="TZPStammGNTest" time="0.001"/>
  <system-out/>
  <testcase classname="TopZinsPortal.TZPStammGN" name="TZPStammGNTest" time="0.001"/>
  <system-out/>
</testsuite> <!-- TopZinsPortal.TZPStammGN -->
