<?xml version="1.0" encoding="UTF-8"?>
<!-- Generated by org.testng.reporters.JUnitReportReporter -->
<testsuite hostname="forsa-vm31" failures="0" tests="16" name="TopZinsPortal.TZPAdminUserLoeschen" time="15.328" errors="0" timestamp="2021-01-30T11:44:44 CET" skipped="0">
  <testcase classname="TopZinsPortal.TZPAdminUserLoeschen" name="TZPAdminUserLoeschenTest" time="0.001"/>
  <system-out/>
  <testcase classname="TopZinsPortal.TZPAdminUserLoeschen" name="TZPAdminUserLoeschenTest" time="0.001"/>
  <system-out/>
  <testcase classname="TopZinsPortal.TZPAdminUserLoeschen" name="TZPAdminUserLoeschenTest" time="0.001"/>
  <system-out/>
  <testcase classname="TopZinsPortal.TZPAdminUserLoeschen" name="TZPAdminUserLoeschenTest" time="0.001"/>
  <system-out/>
  <testcase classname="TopZinsPortal.TZPAdminUserLoeschen" name="TZPAdminUserLoeschenTest" time="0.001"/>
  <system-out/>
  <testcase classname="TopZinsPortal.TZPAdminUserLoeschen" name="TZPAdminUserLoeschenTest" time="0.001"/>
  <system-out/>
  <testcase classname="TopZinsPortal.TZPAdminUserLoeschen" name="TZPAdminUserLoeschenTest" time="0.001"/>
  <system-out/>
  <testcase classname="TopZinsPortal.TZPAdminUserLoeschen" name="TZPAdminUserLoeschenTest" time="0.001"/>
  <system-out/>
  <testcase classname="TopZinsPortal.TZPAdminUserLoeschen" name="TZPAdminUserLoeschenTest" time="0.001"/>
  <system-out/>
  <testcase classname="TopZinsPortal.TZPAdminUserLoeschen" name="TZPAdminUserLoeschenTest" time="0.001"/>
  <system-out/>
  <testcase classname="TopZinsPortal.TZPAdminUserLoeschen" name="TZPAdminUserLoeschenTest" time="0.000"/>
  <system-out/>
  <testcase classname="TopZinsPortal.TZPAdminUserLoeschen" name="TZPAdminUserLoeschenTest" time="15.309"/>
  <system-out/>
  <testcase classname="TopZinsPortal.TZPAdminUserLoeschen" name="TZPAdminUserLoeschenTest" time="0.001"/>
  <system-out/>
  <testcase classname="TopZinsPortal.TZPAdminUserLoeschen" name="TZPAdminUserLoeschenTest" time="0.007"/>
  <system-out/>
  <testcase classname="TopZinsPortal.TZPAdminUserLoeschen" name="TZPAdminUserLoeschenTest" time="0.001"/>
  <system-out/>
  <testcase classname="TopZinsPortal.TZPAdminUserLoeschen" name="TZPAdminUserLoeschenTest" time="0.000"/>
  <system-out/>
</testsuite> <!-- TopZinsPortal.TZPAdminUserLoeschen -->
