<?xml version="1.0" encoding="UTF-8"?>
<!-- Generated by org.testng.reporters.JUnitReportReporter -->
<testsuite hostname="forsa-vm31" failures="0" tests="8" name="TopZinsPortal.TZPAdminUserDeaktivierenGG" time="122.619" errors="0" timestamp="2021-07-21T11:08:06 CEST" skipped="0">
  <testcase classname="TopZinsPortal.TZPAdminUserDeaktivierenGG" name="TZPAdminUserDeaktivierenGGTest" time="12.784"/>
  <system-out/>
  <testcase classname="TopZinsPortal.TZPAdminUserDeaktivierenGG" name="TZPAdminUserDeaktivierenGGTest" time="12.185"/>
  <system-out/>
  <testcase classname="TopZinsPortal.TZPAdminUserDeaktivierenGG" name="TZPAdminUserDeaktivierenGGTest" time="12.721"/>
  <system-out/>
  <testcase classname="TopZinsPortal.TZPAdminUserDeaktivierenGG" name="TZPAdminUserDeaktivierenGGTest" time="11.916"/>
  <system-out/>
  <testcase classname="TopZinsPortal.TZPAdminUserDeaktivierenGG" name="TZPAdminUserDeaktivierenGGTest" time="20.254"/>
  <system-out/>
  <testcase classname="TopZinsPortal.TZPAdminUserDeaktivierenGG" name="TZPAdminUserDeaktivierenGGTest" time="12.625"/>
  <system-out/>
  <testcase classname="TopZinsPortal.TZPAdminUserDeaktivierenGG" name="TZPAdminUserDeaktivierenGGTest" time="27.505"/>
  <system-out/>
  <testcase classname="TopZinsPortal.TZPAdminUserDeaktivierenGG" name="TZPAdminUserDeaktivierenGGTest" time="12.629"/>
  <system-out/>
</testsuite> <!-- TopZinsPortal.TZPAdminUserDeaktivierenGG -->
