<?xml version="1.0" encoding="UTF-8"?>
<!-- Generated by org.testng.reporters.JUnitReportReporter -->
<testsuite hostname="forsa-vm31" failures="0" tests="7" name="TopZinsPortal.TZPLoginGG" time="23.973" errors="0" timestamp="2021-02-08T13:24:12 CET" skipped="0">
  <testcase classname="TopZinsPortal.TZPLoginGG" name="TZPLoginGGTest" time="11.919"/>
  <system-out/>
  <testcase classname="TopZinsPortal.TZPLoginGG" name="TZPLoginGGTest" time="12.050"/>
  <system-out/>
  <testcase classname="TopZinsPortal.TZPLoginGG" name="TZPLoginGGTest" time="0.000"/>
  <system-out/>
  <testcase classname="TopZinsPortal.TZPLoginGG" name="TZPLoginGGTest" time="0.002"/>
  <system-out/>
  <testcase classname="TopZinsPortal.TZPLoginGG" name="TZPLoginGGTest" time="0.001"/>
  <system-out/>
  <testcase classname="TopZinsPortal.TZPLoginGG" name="TZPLoginGGTest" time="0.000"/>
  <system-out/>
  <testcase classname="TopZinsPortal.TZPLoginGG" name="TZPLoginGGTest" time="0.001"/>
  <system-out/>
</testsuite> <!-- TopZinsPortal.TZPLoginGG -->
