<?xml version="1.0" encoding="UTF-8"?>
<!-- Generated by org.testng.reporters.JUnitReportReporter -->
<testsuite hostname="forsa-vm31" failures="0" tests="3" name="TopZinsPortal.TZPTransaktionAbschlussGN" time="31.672" errors="0" timestamp="2021-04-13T09:58:16 CEST" skipped="0">
  <testcase classname="TopZinsPortal.TZPTransaktionAbschlussGN" name="TZPTransaktionAbschlussGNTest" time="8.200"/>
  <system-out/>
  <testcase classname="TopZinsPortal.TZPTransaktionAbschlussGN" name="TZPTransaktionAbschlussGNTest" time="11.822"/>
  <system-out/>
  <testcase classname="TopZinsPortal.TZPTransaktionAbschlussGN" name="TZPTransaktionAbschlussGNTest" time="11.650"/>
  <system-out/>
</testsuite> <!-- TopZinsPortal.TZPTransaktionAbschlussGN -->
