<?xml version="1.0" encoding="UTF-8"?>
<!-- Generated by org.testng.reporters.JUnitReportReporter -->
<testsuite hostname="forsa-vm31" failures="0" tests="2" name="TopZinsPortal.TZPAdminUserLoeschenGG" time="17.304" errors="0" timestamp="2021-04-19T10:39:32 CEST" skipped="0">
  <testcase classname="TopZinsPortal.TZPAdminUserLoeschenGG" name="TZPAdminUserLoeschenGGTest" time="0.000"/>
  <system-out/>
  <testcase classname="TopZinsPortal.TZPAdminUserLoeschenGG" name="TZPAdminUserLoeschenGGTest" time="17.304"/>
  <system-out/>
</testsuite> <!-- TopZinsPortal.TZPAdminUserLoeschenGG -->
