<?xml version="1.0" encoding="UTF-8"?>
<!-- Generated by org.testng.reporters.JUnitReportReporter -->
<testsuite hostname="forsa-vm31" failures="0" tests="3" name="TopZinsPortal.TZPStammGG" time="193.519" errors="0" timestamp="2021-08-06T10:30:25 CEST" skipped="0">
  <testcase classname="TopZinsPortal.TZPStammGG" name="TZPStammGGTest" time="0.001"/>
  <system-out/>
  <testcase classname="TopZinsPortal.TZPStammGG" name="TZPStammGGTest" time="95.983"/>
  <system-out/>
  <testcase classname="TopZinsPortal.TZPStammGG" name="TZPStammGGTest" time="97.535"/>
  <system-out/>
</testsuite> <!-- TopZinsPortal.TZPStammGG -->
