<?xml version="1.0" encoding="UTF-8"?>
<!-- Generated by org.testng.reporters.JUnitReportReporter -->
<testsuite hostname="forsa-vm31" failures="0" tests="3" name="TopZinsPortal.TZPTransaktionStartGG" time="77.058" errors="0" timestamp="2021-03-19T18:15:13 CET" skipped="0">
  <testcase classname="TopZinsPortal.TZPTransaktionStartGG" name="TZPTransaktionStartGGTest" time="24.515"/>
  <system-out/>
  <testcase classname="TopZinsPortal.TZPTransaktionStartGG" name="TZPTransaktionStartGGTest" time="27.490"/>
  <system-out/>
  <testcase classname="TopZinsPortal.TZPTransaktionStartGG" name="TZPTransaktionStartGGTest" time="25.053"/>
  <system-out/>
</testsuite> <!-- TopZinsPortal.TZPTransaktionStartGG -->
