<?xml version="1.0" encoding="UTF-8"?>
<!-- Generated by org.testng.reporters.JUnitReportReporter -->
<testsuite hostname="forsa-vm31" failures="0" tests="24" name="TopZinsPortal.TZPAdminUserDeaktivieren" time="32.772" errors="0" timestamp="2021-01-25T14:05:32 CET" skipped="0">
  <testcase classname="TopZinsPortal.TZPAdminUserDeaktivieren" name="TZPAdminUserDeaktivierenTest" time="0.000"/>
  <system-out/>
  <testcase classname="TopZinsPortal.TZPAdminUserDeaktivieren" name="TZPAdminUserDeaktivierenTest" time="0.000"/>
  <system-out/>
  <testcase classname="TopZinsPortal.TZPAdminUserDeaktivieren" name="TZPAdminUserDeaktivierenTest" time="0.001"/>
  <system-out/>
  <testcase classname="TopZinsPortal.TZPAdminUserDeaktivieren" name="TZPAdminUserDeaktivierenTest" time="0.002"/>
  <system-out/>
  <testcase classname="TopZinsPortal.TZPAdminUserDeaktivieren" name="TZPAdminUserDeaktivierenTest" time="0.001"/>
  <system-out/>
  <testcase classname="TopZinsPortal.TZPAdminUserDeaktivieren" name="TZPAdminUserDeaktivierenTest" time="0.000"/>
  <system-out/>
  <testcase classname="TopZinsPortal.TZPAdminUserDeaktivieren" name="TZPAdminUserDeaktivierenTest" time="0.000"/>
  <system-out/>
  <testcase classname="TopZinsPortal.TZPAdminUserDeaktivieren" name="TZPAdminUserDeaktivierenTest" time="0.000"/>
  <system-out/>
  <testcase classname="TopZinsPortal.TZPAdminUserDeaktivieren" name="TZPAdminUserDeaktivierenTest" time="0.001"/>
  <system-out/>
  <testcase classname="TopZinsPortal.TZPAdminUserDeaktivieren" name="TZPAdminUserDeaktivierenTest" time="16.363"/>
  <system-out/>
  <testcase classname="TopZinsPortal.TZPAdminUserDeaktivieren" name="TZPAdminUserDeaktivierenTest" time="0.000"/>
  <system-out/>
  <testcase classname="TopZinsPortal.TZPAdminUserDeaktivieren" name="TZPAdminUserDeaktivierenTest" time="0.000"/>
  <system-out/>
  <testcase classname="TopZinsPortal.TZPAdminUserDeaktivieren" name="TZPAdminUserDeaktivierenTest" time="0.001"/>
  <system-out/>
  <testcase classname="TopZinsPortal.TZPAdminUserDeaktivieren" name="TZPAdminUserDeaktivierenTest" time="0.001"/>
  <system-out/>
  <testcase classname="TopZinsPortal.TZPAdminUserDeaktivieren" name="TZPAdminUserDeaktivierenTest" time="0.000"/>
  <system-out/>
  <testcase classname="TopZinsPortal.TZPAdminUserDeaktivieren" name="TZPAdminUserDeaktivierenTest" time="0.000"/>
  <system-out/>
  <testcase classname="TopZinsPortal.TZPAdminUserDeaktivieren" name="TZPAdminUserDeaktivierenTest" time="0.000"/>
  <system-out/>
  <testcase classname="TopZinsPortal.TZPAdminUserDeaktivieren" name="TZPAdminUserDeaktivierenTest" time="0.001"/>
  <system-out/>
  <testcase classname="TopZinsPortal.TZPAdminUserDeaktivieren" name="TZPAdminUserDeaktivierenTest" time="0.000"/>
  <system-out/>
  <testcase classname="TopZinsPortal.TZPAdminUserDeaktivieren" name="TZPAdminUserDeaktivierenTest" time="16.398"/>
  <system-out/>
  <testcase classname="TopZinsPortal.TZPAdminUserDeaktivieren" name="TZPAdminUserDeaktivierenTest" time="0.001"/>
  <system-out/>
  <testcase classname="TopZinsPortal.TZPAdminUserDeaktivieren" name="TZPAdminUserDeaktivierenTest" time="0.001"/>
  <system-out/>
  <testcase classname="TopZinsPortal.TZPAdminUserDeaktivieren" name="TZPAdminUserDeaktivierenTest" time="0.000"/>
  <system-out/>
  <testcase classname="TopZinsPortal.TZPAdminUserDeaktivieren" name="TZPAdminUserDeaktivierenTest" time="0.001"/>
  <system-out/>
</testsuite> <!-- TopZinsPortal.TZPAdminUserDeaktivieren -->
