<?xml version="1.0" encoding="UTF-8"?>
<!-- Generated by org.testng.reporters.JUnitReportReporter -->
<testsuite hostname="forsa-vm31" failures="0" tests="1" name="TopZinsPortal.TZPTenderStartGG" time="50.023" errors="0" timestamp="2021-02-19T10:04:53 CET" skipped="0">
  <testcase classname="TopZinsPortal.TZPTenderStartGG" name="TZPTenderStartGGTest" time="50.023"/>
  <system-out/>
</testsuite> <!-- TopZinsPortal.TZPTenderStartGG -->
