<?xml version="1.0" encoding="UTF-8"?>
<!-- Generated by org.testng.reporters.JUnitReportReporter -->
<testsuite hostname="forsa-vm31" failures="0" tests="4" name="TopZinsPortal.TZPSeveralUserGGEinladung" time="105.846" errors="0" timestamp="2021-07-16T11:10:16 CEST" skipped="0">
  <testcase classname="TopZinsPortal.TZPSeveralUserGGEinladung" name="TZPSeveralUserEinladenGGTest" time="0.008"/>
  <system-out/>
  <testcase classname="TopZinsPortal.TZPSeveralUserGGEinladung" name="TZPSeveralUserEinladenGGTest" time="35.031"/>
  <system-out/>
  <testcase classname="TopZinsPortal.TZPSeveralUserGGEinladung" name="TZPSeveralUserEinladenGGTest" time="36.036"/>
  <system-out/>
  <testcase classname="TopZinsPortal.TZPSeveralUserGGEinladung" name="TZPSeveralUserEinladenGGTest" time="34.771"/>
  <system-out/>
</testsuite> <!-- TopZinsPortal.TZPSeveralUserGGEinladung -->
