<?xml version="1.0" encoding="UTF-8"?>
<!-- Generated by org.testng.reporters.JUnitReportReporter -->
<testsuite hostname="forsa-vm31" failures="0" tests="6" name="TopZinsPortal.TZPAdminHandelsfreigabeGG" time="21.787" errors="0" timestamp="2021-01-25T13:56:35 CET" skipped="0">
  <testcase classname="TopZinsPortal.TZPAdminHandelsfreigabeGG" name="TZPAdminHandelsfreigabeGGTest" time="0.005"/>
  <system-out/>
  <testcase classname="TopZinsPortal.TZPAdminHandelsfreigabeGG" name="TZPAdminHandelsfreigabeGGTest" time="0.001"/>
  <system-out/>
  <testcase classname="TopZinsPortal.TZPAdminHandelsfreigabeGG" name="TZPAdminHandelsfreigabeGGTest" time="0.002"/>
  <system-out/>
  <testcase classname="TopZinsPortal.TZPAdminHandelsfreigabeGG" name="TZPAdminHandelsfreigabeGGTest" time="0.001"/>
  <system-out/>
  <testcase classname="TopZinsPortal.TZPAdminHandelsfreigabeGG" name="TZPAdminHandelsfreigabeGGTest" time="21.777"/>
  <system-out/>
  <testcase classname="TopZinsPortal.TZPAdminHandelsfreigabeGG" name="TZPAdminHandelsfreigabeGGTest" time="0.001"/>
  <system-out/>
</testsuite> <!-- TopZinsPortal.TZPAdminHandelsfreigabeGG -->
