<?xml version="1.0" encoding="UTF-8"?>
<!-- Generated by org.testng.reporters.JUnitReportReporter -->
<testsuite hostname="forsa-vm31" failures="0" tests="3" name="TopZinsPortal.TZPAdminSeveralUserDeaktivierenGG" time="54.716" errors="0" timestamp="2021-06-15T14:08:25 CEST" skipped="0">
  <testcase classname="TopZinsPortal.TZPAdminSeveralUserDeaktivierenGG" name="TZPAdminSeveralUserDeaktivierenGGTest" time="18.213"/>
  <system-out/>
  <testcase classname="TopZinsPortal.TZPAdminSeveralUserDeaktivierenGG" name="TZPAdminSeveralUserDeaktivierenGGTest" time="9.713"/>
  <system-out/>
  <testcase classname="TopZinsPortal.TZPAdminSeveralUserDeaktivierenGG" name="TZPAdminSeveralUserDeaktivierenGGTest" time="26.790"/>
  <system-out/>
</testsuite> <!-- TopZinsPortal.TZPAdminSeveralUserDeaktivierenGG -->
