<?xml version="1.0" encoding="UTF-8"?>
<!-- Generated by org.testng.reporters.JUnitReportReporter -->
<testsuite hostname="forsa-vm31" failures="0" tests="3" name="TopZinsPortal.TZPTransaktionBearbeitenAdmin" time="27.649" errors="0" timestamp="2021-04-20T13:19:31 CEST" skipped="0">
  <testcase classname="TopZinsPortal.TZPTransaktionBearbeitenAdmin" name="TZPTransaktionBearbeitenAdminTest" time="5.286"/>
  <system-out/>
  <testcase classname="TopZinsPortal.TZPTransaktionBearbeitenAdmin" name="TZPTransaktionBearbeitenAdminTest" time="5.037"/>
  <system-out/>
  <testcase classname="TopZinsPortal.TZPTransaktionBearbeitenAdmin" name="TZPTransaktionBearbeitenAdminTest" time="17.326"/>
  <system-out/>
</testsuite> <!-- TopZinsPortal.TZPTransaktionBearbeitenAdmin -->
