<?xml version="1.0" encoding="UTF-8"?>
<!-- Generated by org.testng.reporters.JUnitReportReporter -->
<testsuite hostname="forsa-vm31" failures="0" tests="1" name="TopZinsPortal.TZPTransaktionStartGG" time="15.580" errors="0" timestamp="2021-01-27T17:24:36 CET" skipped="0">
  <testcase classname="TopZinsPortal.TZPTransaktionStartGG" name="TZPTransaktionStartGGTest" time="15.580"/>
  <system-out/>
</testsuite> <!-- TopZinsPortal.TZPTransaktionStartGG -->
