<?xml version="1.0" encoding="UTF-8"?>
<!-- Generated by org.testng.reporters.JUnitReportReporter -->
<testsuite hostname="forsa-vm31" failures="0" tests="3" name="TopZinsPortal.TZPZinssatzVorgabeGN" time="125.673" errors="0" timestamp="2021-05-07T14:55:26 CEST" skipped="0">
  <testcase classname="TopZinsPortal.TZPZinssatzVorgabeGN" name="TZPZinssatzVorgabeGNTest" time="42.386"/>
  <system-out/>
  <testcase classname="TopZinsPortal.TZPZinssatzVorgabeGN" name="TZPZinssatzVorgabeGNTest" time="40.825"/>
  <system-out/>
  <testcase classname="TopZinsPortal.TZPZinssatzVorgabeGN" name="TZPZinssatzVorgabeGNTest" time="42.462"/>
  <system-out/>
</testsuite> <!-- TopZinsPortal.TZPZinssatzVorgabeGN -->
