<?xml version="1.0" encoding="UTF-8"?>
<!-- Generated by org.testng.reporters.JUnitReportReporter -->
<testsuite skipped="0" hostname="Laptop-BHDR" name="WebRiskSteuerung.WebRishPHVTestSteuerung" tests="2" failures="0" timestamp="2020-05-27T14:28:51 MESZ" time="0.019" errors="0">
  <testcase name="PropertiesSetzen" time="0.002" classname="WebRiskSteuerung.WebRishPHVTestSteuerung"/>
  <system-out/>
  <testcase name="PropertiesSetzen" time="0.017" classname="WebRiskSteuerung.WebRishPHVTestSteuerung"/>
  <system-out/>
</testsuite> <!-- WebRiskSteuerung.WebRishPHVTestSteuerung -->
