<?xml version="1.0" encoding="UTF-8"?>
<!-- Generated by org.testng.reporters.JUnitReportReporter -->
<testsuite hostname="forsa-vm31" failures="0" tests="2" name="TopZinsPortal.TZPSeveralUserGGAdminHandelfreigabe" time="74.363" errors="0" timestamp="2021-06-09T15:06:06 CEST" skipped="0">
  <testcase classname="TopZinsPortal.TZPSeveralUserGGAdminHandelfreigabe" name="TZPServeralUserEinladenGGTest" time="30.901"/>
  <system-out/>
  <testcase classname="TopZinsPortal.TZPSeveralUserGGAdminHandelfreigabe" name="TZPServeralUserEinladenGGTest" time="43.462"/>
  <system-out/>
</testsuite> <!-- TopZinsPortal.TZPSeveralUserGGAdminHandelfreigabe -->
