<?xml version="1.0" encoding="UTF-8"?>
<!-- Generated by org.testng.reporters.JUnitReportReporter -->
<testsuite hostname="forsa-vm31" failures="0" tests="2" name="TopZinsPortal.TZPStammGG" time="208.049" errors="0" timestamp="2021-06-02T10:38:25 CEST" skipped="0">
  <testcase classname="TopZinsPortal.TZPStammGG" name="TZPStammGGTest" time="103.966"/>
  <system-out/>
  <testcase classname="TopZinsPortal.TZPStammGG" name="TZPStammGGTest" time="104.083"/>
  <system-out/>
</testsuite> <!-- TopZinsPortal.TZPStammGG -->
