<?xml version="1.0" encoding="UTF-8"?>
<!-- Generated by org.testng.reporters.JUnitReportReporter -->
<testsuite name="WebRiskTests.WebRiskBasisTestUnfall" tests="1" time="58.331" ignored="0" failures="0" timestamp="14 MÃ¤r 2019 19:35:04 GMT" skipped="0" hostname="Laptop-BHDR" errors="0">
  <testcase name="BasisPHV" time="58.331" classname="WebRiskTests.WebRiskBasisTestUnfall"/>
</testsuite> <!-- WebRiskTests.WebRiskBasisTestUnfall -->
