<?xml version="1.0" encoding="UTF-8"?>
<!-- Generated by org.testng.reporters.JUnitReportReporter -->
<testsuite hostname="forsa-vm31" failures="0" tests="8" name="TopZinsPortal.TZPAdminCourtageGN" time="11.509" errors="0" timestamp="2021-05-31T15:12:01 CEST" skipped="0">
  <testcase classname="TopZinsPortal.TZPAdminCourtageGN" name="TZPAdminUserDeaktivierenGNTest" time="11.501"/>
  <system-out/>
  <testcase classname="TopZinsPortal.TZPAdminCourtageGN" name="TZPAdminUserDeaktivierenGNTest" time="0.001"/>
  <system-out/>
  <testcase classname="TopZinsPortal.TZPAdminCourtageGN" name="TZPAdminUserDeaktivierenGNTest" time="0.001"/>
  <system-out/>
  <testcase classname="TopZinsPortal.TZPAdminCourtageGN" name="TZPAdminUserDeaktivierenGNTest" time="0.002"/>
  <system-out/>
  <testcase classname="TopZinsPortal.TZPAdminCourtageGN" name="TZPAdminUserDeaktivierenGNTest" time="0.001"/>
  <system-out/>
  <testcase classname="TopZinsPortal.TZPAdminCourtageGN" name="TZPAdminUserDeaktivierenGNTest" time="0.001"/>
  <system-out/>
  <testcase classname="TopZinsPortal.TZPAdminCourtageGN" name="TZPAdminUserDeaktivierenGNTest" time="0.001"/>
  <system-out/>
  <testcase classname="TopZinsPortal.TZPAdminCourtageGN" name="TZPAdminUserDeaktivierenGNTest" time="0.001"/>
  <system-out/>
</testsuite> <!-- TopZinsPortal.TZPAdminCourtageGN -->
