<?xml version="1.0" encoding="UTF-8"?>
<!-- Generated by org.testng.reporters.JUnitReportReporter -->
<testsuite hostname="forsa-vm31" failures="0" tests="7" name="TopZinsPortal.TZPRegGN" time="197.369" errors="0" timestamp="2021-05-06T16:12:56 CEST" skipped="0">
  <testcase classname="TopZinsPortal.TZPRegGN" name="TZPRegGNTest" time="28.049"/>
  <system-out/>
  <testcase classname="TopZinsPortal.TZPRegGN" name="TZPRegGNTest" time="28.137"/>
  <system-out/>
  <testcase classname="TopZinsPortal.TZPRegGN" name="TZPRegGNTest" time="28.019"/>
  <system-out/>
  <testcase classname="TopZinsPortal.TZPRegGN" name="TZPRegGNTest" time="28.030"/>
  <system-out/>
  <testcase classname="TopZinsPortal.TZPRegGN" name="TZPRegGNTest" time="27.967"/>
  <system-out/>
  <testcase classname="TopZinsPortal.TZPRegGN" name="TZPRegGNTest" time="28.154"/>
  <system-out/>
  <testcase classname="TopZinsPortal.TZPRegGN" name="TZPRegGNTest" time="29.013"/>
  <system-out/>
</testsuite> <!-- TopZinsPortal.TZPRegGN -->
