<?xml version="1.0" encoding="UTF-8"?>
<!-- Generated by org.testng.reporters.JUnitReportReporter -->
<testsuite hostname="forsa-vm31" failures="0" tests="6" name="TopZinsPortal.TZPRegGG" time="148.403" errors="0" timestamp="2021-07-17T07:43:47 CEST" skipped="0">
  <testcase classname="TopZinsPortal.TZPRegGG" name="TZPRegGGTest" time="27.893"/>
  <system-out/>
  <testcase classname="TopZinsPortal.TZPRegGG" name="TZPRegGGTest" time="27.826"/>
  <system-out/>
  <testcase classname="TopZinsPortal.TZPRegGG" name="TZPRegGGTest" time="32.082"/>
  <system-out/>
  <testcase classname="TopZinsPortal.TZPRegGG" name="TZPRegGGTest" time="0.005"/>
  <system-out/>
  <testcase classname="TopZinsPortal.TZPRegGG" name="TZPRegGGTest" time="32.887"/>
  <system-out/>
  <testcase classname="TopZinsPortal.TZPRegGG" name="TZPRegGGTest" time="27.710"/>
  <system-out/>
</testsuite> <!-- TopZinsPortal.TZPRegGG -->
