<?xml version="1.0" encoding="UTF-8"?>
<!-- Generated by org.testng.reporters.JUnitReportReporter -->
<testsuite hostname="forsa-vm31" failures="0" tests="1" name="TopZinsPortal.TZPRegGN" time="14.044" errors="0" timestamp="2020-11-04T16:08:37 CET" skipped="0">
  <testcase classname="TopZinsPortal.TZPRegGN" name="TZRegGGTest" time="14.044"/>
  <system-out/>
</testsuite> <!-- TopZinsPortal.TZPRegGN -->
