<?xml version="1.0" encoding="UTF-8"?>
<!-- Generated by org.testng.reporters.JUnitReportReporter -->
<testsuite hostname="forsa-vm31" failures="0" tests="3" name="TopZinsPortal.TZPTransaktionAkzeptierenGG" time="48.395" errors="0" timestamp="2021-05-14T15:57:12 CEST" skipped="0">
  <testcase classname="TopZinsPortal.TZPTransaktionAkzeptierenGG" name="TZPTransaktionAkzeptierenGGTest" time="12.339"/>
  <system-out/>
  <testcase classname="TopZinsPortal.TZPTransaktionAkzeptierenGG" name="TZPTransaktionAkzeptierenGGTest" time="17.717"/>
  <system-out/>
  <testcase classname="TopZinsPortal.TZPTransaktionAkzeptierenGG" name="TZPTransaktionAkzeptierenGGTest" time="18.339"/>
  <system-out/>
</testsuite> <!-- TopZinsPortal.TZPTransaktionAkzeptierenGG -->
