<?xml version="1.0" encoding="UTF-8"?>
<!-- Generated by org.testng.reporters.JUnitReportReporter -->
<testsuite hostname="forsa-vm31" failures="0" tests="2" name="TopZinsPortal.TZPTransaktionBearbeitenGN" time="47.924" errors="0" timestamp="2021-03-18T17:04:45 CET" skipped="0">
  <testcase classname="TopZinsPortal.TZPTransaktionBearbeitenGN" name="TZPTransaktionAkzeptierenGNTest" time="27.675"/>
  <system-out/>
  <testcase classname="TopZinsPortal.TZPTransaktionBearbeitenGN" name="TZPTransaktionAkzeptierenGNTest" time="20.249"/>
  <system-out/>
</testsuite> <!-- TopZinsPortal.TZPTransaktionBearbeitenGN -->
