<?xml version="1.0" encoding="UTF-8"?>
<!-- Generated by org.testng.reporters.JUnitReportReporter -->
<testsuite hostname="forsa-vm31" failures="0" tests="6" name="TopZinsPortal.TZPLoginGN" time="25.835" errors="0" timestamp="2020-12-25T13:12:08 CET" skipped="0">
  <testcase classname="TopZinsPortal.TZPLoginGN" name="TZPLoginGN" time="12.931"/>
  <system-out/>
  <testcase classname="TopZinsPortal.TZPLoginGN" name="TZPLoginGN" time="0.001"/>
  <system-out/>
  <testcase classname="TopZinsPortal.TZPLoginGN" name="TZPLoginGN" time="12.901"/>
  <system-out/>
  <testcase classname="TopZinsPortal.TZPLoginGN" name="TZPLoginGN" time="0.000"/>
  <system-out/>
  <testcase classname="TopZinsPortal.TZPLoginGN" name="TZPLoginGN" time="0.001"/>
  <system-out/>
  <testcase classname="TopZinsPortal.TZPLoginGN" name="TZPLoginGN" time="0.001"/>
  <system-out/>
</testsuite> <!-- TopZinsPortal.TZPLoginGN -->
