<?xml version="1.0" encoding="UTF-8"?>
<!-- Generated by org.testng.reporters.JUnitReportReporter -->
<testsuite hostname="forsa-vm31" failures="0" tests="5" name="TopZinsPortal.TZPLoginGN" time="58.716" errors="0" timestamp="2021-03-26T11:10:46 CET" skipped="0">
  <testcase classname="TopZinsPortal.TZPLoginGN" name="TZPLoginGNTest" time="11.686"/>
  <system-out/>
  <testcase classname="TopZinsPortal.TZPLoginGN" name="TZPLoginGNTest" time="11.610"/>
  <system-out/>
  <testcase classname="TopZinsPortal.TZPLoginGN" name="TZPLoginGNTest" time="11.764"/>
  <system-out/>
  <testcase classname="TopZinsPortal.TZPLoginGN" name="TZPLoginGNTest" time="11.739"/>
  <system-out/>
  <testcase classname="TopZinsPortal.TZPLoginGN" name="TZPLoginGNTest" time="11.917"/>
  <system-out/>
</testsuite> <!-- TopZinsPortal.TZPLoginGN -->
