<?xml version="1.0" encoding="UTF-8"?>
<!-- Generated by org.testng.reporters.JUnitReportReporter -->
<testsuite hostname="forsa-vm31" failures="0" tests="7" name="TopZinsPortal.TZPTransaktionBearbeitenGNSeveralUser" time="91.426" errors="0" timestamp="2021-07-16T11:19:10 CEST" skipped="0">
  <testcase classname="TopZinsPortal.TZPTransaktionBearbeitenGNSeveralUser" name="TZPTransaktionBearbeitenGNSeveralUserTest" time="23.836"/>
  <system-out/>
  <testcase classname="TopZinsPortal.TZPTransaktionBearbeitenGNSeveralUser" name="TZPTransaktionBearbeitenGNSeveralUserTest" time="23.676"/>
  <system-out/>
  <testcase classname="TopZinsPortal.TZPTransaktionBearbeitenGNSeveralUser" name="TZPTransaktionBearbeitenGNSeveralUserTest" time="21.215"/>
  <system-out/>
  <testcase classname="TopZinsPortal.TZPTransaktionBearbeitenGNSeveralUser" name="TZPTransaktionBearbeitenGNSeveralUserTest" time="22.696"/>
  <system-out/>
  <testcase classname="TopZinsPortal.TZPTransaktionBearbeitenGNSeveralUser" name="TZPTransaktionAkzeptierenGNSeveralUserTest" time="0.001"/>
  <system-out/>
  <testcase classname="TopZinsPortal.TZPTransaktionBearbeitenGNSeveralUser" name="TZPTransaktionAblehnenGNSeveralUserTest" time="0.001"/>
  <system-out/>
  <testcase classname="TopZinsPortal.TZPTransaktionBearbeitenGNSeveralUser" name="TZPTransaktionTelefonischWeiterleitenGNSeveralUserTest" time="0.001"/>
  <system-out/>
</testsuite> <!-- TopZinsPortal.TZPTransaktionBearbeitenGNSeveralUser -->
