<?xml version="1.0" encoding="UTF-8"?>
<!-- Generated by org.testng.reporters.JUnitReportReporter -->
<testsuite hostname="forsa-vm31" failures="0" tests="3" name="TopZinsPortal.TZPAdminSeveralUserDeaktivierenGN" time="56.853" errors="0" timestamp="2021-07-21T11:08:06 CEST" skipped="0">
  <testcase classname="TopZinsPortal.TZPAdminSeveralUserDeaktivierenGN" name="TZPAdminSeveralUserDeaktivierenGNTest" time="27.689"/>
  <system-out/>
  <testcase classname="TopZinsPortal.TZPAdminSeveralUserDeaktivierenGN" name="TZPAdminSeveralUserDeaktivierenGNTest" time="10.793"/>
  <system-out/>
  <testcase classname="TopZinsPortal.TZPAdminSeveralUserDeaktivierenGN" name="TZPAdminSeveralUserDeaktivierenGNTest" time="18.371"/>
  <system-out/>
</testsuite> <!-- TopZinsPortal.TZPAdminSeveralUserDeaktivierenGN -->
