<?xml version="1.0" encoding="UTF-8"?>
<!-- Generated by org.testng.reporters.JUnitReportReporter -->
<testsuite hostname="forsa-vm31" failures="0" tests="2" name="TopZinsPortal.TZPTenderAngebotAnnehmenGGSeveralUser" time="53.189" errors="0" timestamp="2021-08-06T17:15:46 CEST" skipped="0">
  <testcase classname="TopZinsPortal.TZPTenderAngebotAnnehmenGGSeveralUser" name="TZPTenderAngebotAnnehmenGGSeveralUserTest" time="26.736"/>
  <system-out/>
  <testcase classname="TopZinsPortal.TZPTenderAngebotAnnehmenGGSeveralUser" name="TZPTenderAngebotAnnehmenGGSeveralUserTest" time="26.453"/>
  <system-out/>
</testsuite> <!-- TopZinsPortal.TZPTenderAngebotAnnehmenGGSeveralUser -->
