<?xml version="1.0" encoding="UTF-8"?>
<!-- Generated by org.testng.reporters.JUnitReportReporter -->
<testsuite hostname="forsa-vm31" failures="0" tests="24" name="TopZinsPortal.TZPAdminUserDeaktivieren" time="38.166" errors="0" timestamp="2021-02-08T13:44:13 CET" skipped="0">
  <testcase classname="TopZinsPortal.TZPAdminUserDeaktivieren" name="TZPAdminUserDeaktivierenTest" time="0.000"/>
  <system-out/>
  <testcase classname="TopZinsPortal.TZPAdminUserDeaktivieren" name="TZPAdminUserDeaktivierenTest" time="0.000"/>
  <system-out/>
  <testcase classname="TopZinsPortal.TZPAdminUserDeaktivieren" name="TZPAdminUserDeaktivierenTest" time="0.001"/>
  <system-out/>
  <testcase classname="TopZinsPortal.TZPAdminUserDeaktivieren" name="TZPAdminUserDeaktivierenTest" time="20.100"/>
  <system-out/>
  <testcase classname="TopZinsPortal.TZPAdminUserDeaktivieren" name="TZPAdminUserDeaktivierenTest" time="0.001"/>
  <system-out/>
  <testcase classname="TopZinsPortal.TZPAdminUserDeaktivieren" name="TZPAdminUserDeaktivierenTest" time="0.001"/>
  <system-out/>
  <testcase classname="TopZinsPortal.TZPAdminUserDeaktivieren" name="TZPAdminUserDeaktivierenTest" time="0.001"/>
  <system-out/>
  <testcase classname="TopZinsPortal.TZPAdminUserDeaktivieren" name="TZPAdminUserDeaktivierenTest" time="0.000"/>
  <system-out/>
  <testcase classname="TopZinsPortal.TZPAdminUserDeaktivieren" name="TZPAdminUserDeaktivierenTest" time="0.000"/>
  <system-out/>
  <testcase classname="TopZinsPortal.TZPAdminUserDeaktivieren" name="TZPAdminUserDeaktivierenTest" time="0.001"/>
  <system-out/>
  <testcase classname="TopZinsPortal.TZPAdminUserDeaktivieren" name="TZPAdminUserDeaktivierenTest" time="0.001"/>
  <system-out/>
  <testcase classname="TopZinsPortal.TZPAdminUserDeaktivieren" name="TZPAdminUserDeaktivierenTest" time="0.001"/>
  <system-out/>
  <testcase classname="TopZinsPortal.TZPAdminUserDeaktivieren" name="TZPAdminUserDeaktivierenTest" time="0.001"/>
  <system-out/>
  <testcase classname="TopZinsPortal.TZPAdminUserDeaktivieren" name="TZPAdminUserDeaktivierenTest" time="0.001"/>
  <system-out/>
  <testcase classname="TopZinsPortal.TZPAdminUserDeaktivieren" name="TZPAdminUserDeaktivierenTest" time="18.052"/>
  <system-out/>
  <testcase classname="TopZinsPortal.TZPAdminUserDeaktivieren" name="TZPAdminUserDeaktivierenTest" time="0.001"/>
  <system-out/>
  <testcase classname="TopZinsPortal.TZPAdminUserDeaktivieren" name="TZPAdminUserDeaktivierenTest" time="0.000"/>
  <system-out/>
  <testcase classname="TopZinsPortal.TZPAdminUserDeaktivieren" name="TZPAdminUserDeaktivierenTest" time="0.000"/>
  <system-out/>
  <testcase classname="TopZinsPortal.TZPAdminUserDeaktivieren" name="TZPAdminUserDeaktivierenTest" time="0.001"/>
  <system-out/>
  <testcase classname="TopZinsPortal.TZPAdminUserDeaktivieren" name="TZPAdminUserDeaktivierenTest" time="0.001"/>
  <system-out/>
  <testcase classname="TopZinsPortal.TZPAdminUserDeaktivieren" name="TZPAdminUserDeaktivierenTest" time="0.000"/>
  <system-out/>
  <testcase classname="TopZinsPortal.TZPAdminUserDeaktivieren" name="TZPAdminUserDeaktivierenTest" time="0.001"/>
  <system-out/>
  <testcase classname="TopZinsPortal.TZPAdminUserDeaktivieren" name="TZPAdminUserDeaktivierenTest" time="0.000"/>
  <system-out/>
  <testcase classname="TopZinsPortal.TZPAdminUserDeaktivieren" name="TZPAdminUserDeaktivierenTest" time="0.001"/>
  <system-out/>
</testsuite> <!-- TopZinsPortal.TZPAdminUserDeaktivieren -->
