<?xml version="1.0" encoding="UTF-8"?>
<!-- Generated by org.testng.reporters.JUnitReportReporter -->
<testsuite hostname="forsa-vm31" failures="0" tests="3" name="TopZinsPortal.TZPAdminSeveralUserDeaktivierenGG" time="57.230" errors="0" timestamp="2021-07-21T11:08:06 CEST" skipped="0">
  <testcase classname="TopZinsPortal.TZPAdminSeveralUserDeaktivierenGG" name="TZPAdminSeveralUserDeaktivierenGGTest" time="28.386"/>
  <system-out/>
  <testcase classname="TopZinsPortal.TZPAdminSeveralUserDeaktivierenGG" name="TZPAdminSeveralUserDeaktivierenGGTest" time="10.508"/>
  <system-out/>
  <testcase classname="TopZinsPortal.TZPAdminSeveralUserDeaktivierenGG" name="TZPAdminSeveralUserDeaktivierenGGTest" time="18.336"/>
  <system-out/>
</testsuite> <!-- TopZinsPortal.TZPAdminSeveralUserDeaktivierenGG -->
