<?xml version="1.0" encoding="UTF-8"?>
<!-- Generated by org.testng.reporters.JUnitReportReporter -->
<testsuite hostname="forsa-vm31" failures="0" tests="5" name="TopZinsPortal.TZPLoginGG" time="37.458" errors="0" timestamp="2021-04-19T10:39:32 CEST" skipped="0">
  <testcase classname="TopZinsPortal.TZPLoginGG" name="TZPLoginGGTest" time="12.514"/>
  <system-out/>
  <testcase classname="TopZinsPortal.TZPLoginGG" name="TZPLoginGGTest" time="12.353"/>
  <system-out/>
  <testcase classname="TopZinsPortal.TZPLoginGG" name="TZPLoginGGTest" time="12.588"/>
  <system-out/>
  <testcase classname="TopZinsPortal.TZPLoginGG" name="TZPLoginGGTest" time="0.002"/>
  <system-out/>
  <testcase classname="TopZinsPortal.TZPLoginGG" name="TZPLoginGGTest" time="0.001"/>
  <system-out/>
</testsuite> <!-- TopZinsPortal.TZPLoginGG -->
