<?xml version="1.0" encoding="UTF-8"?>
<!-- Generated by org.testng.reporters.JUnitReportReporter -->
<testsuite hostname="forsa-vm31" failures="0" tests="7" name="TopZinsPortal.TZPRegGN" time="197.643" errors="0" timestamp="2021-05-21T09:39:52 CEST" skipped="0">
  <testcase classname="TopZinsPortal.TZPRegGN" name="TZPRegGNTest" time="28.422"/>
  <system-out/>
  <testcase classname="TopZinsPortal.TZPRegGN" name="TZPRegGNTest" time="28.156"/>
  <system-out/>
  <testcase classname="TopZinsPortal.TZPRegGN" name="TZPRegGNTest" time="28.293"/>
  <system-out/>
  <testcase classname="TopZinsPortal.TZPRegGN" name="TZPRegGNTest" time="28.507"/>
  <system-out/>
  <testcase classname="TopZinsPortal.TZPRegGN" name="TZPRegGNTest" time="28.148"/>
  <system-out/>
  <testcase classname="TopZinsPortal.TZPRegGN" name="TZPRegGNTest" time="27.996"/>
  <system-out/>
  <testcase classname="TopZinsPortal.TZPRegGN" name="TZPRegGNTest" time="28.121"/>
  <system-out/>
</testsuite> <!-- TopZinsPortal.TZPRegGN -->
