<?xml version="1.0" encoding="UTF-8"?>
<!-- Generated by org.testng.reporters.JUnitReportReporter -->
<testsuite hostname="forsa-vm31" failures="0" tests="3" name="TopZinsPortal.TZPTransaktionStartGG" time="100.600" errors="0" timestamp="2021-05-12T16:58:04 CEST" skipped="0">
  <testcase classname="TopZinsPortal.TZPTransaktionStartGG" name="TZPTransaktionStartGGTest" time="33.360"/>
  <system-out/>
  <testcase classname="TopZinsPortal.TZPTransaktionStartGG" name="TZPTransaktionStartGGTest" time="33.583"/>
  <system-out/>
  <testcase classname="TopZinsPortal.TZPTransaktionStartGG" name="TZPTransaktionStartGGTest" time="33.657"/>
  <system-out/>
</testsuite> <!-- TopZinsPortal.TZPTransaktionStartGG -->
