<?xml version="1.0" encoding="UTF-8"?>
<!-- Generated by org.testng.reporters.JUnitReportReporter -->
<testsuite hostname="forsa-vm31" failures="0" tests="7" name="TopZinsPortal.TZPStammGG" time="151.577" errors="0" timestamp="2021-02-08T13:24:12 CET" skipped="0">
  <testcase classname="TopZinsPortal.TZPStammGG" name="TZPStammGGTest" time="0.000"/>
  <system-out/>
  <testcase classname="TopZinsPortal.TZPStammGG" name="TZPStammGGTest" time="0.001"/>
  <system-out/>
  <testcase classname="TopZinsPortal.TZPStammGG" name="TZPStammGGTest" time="0.001"/>
  <system-out/>
  <testcase classname="TopZinsPortal.TZPStammGG" name="TZPStammGGTest" time="73.855"/>
  <system-out/>
  <testcase classname="TopZinsPortal.TZPStammGG" name="TZPStammGGTest" time="0.001"/>
  <system-out/>
  <testcase classname="TopZinsPortal.TZPStammGG" name="TZPStammGGTest" time="0.000"/>
  <system-out/>
  <testcase classname="TopZinsPortal.TZPStammGG" name="TZPStammGGTest" time="77.719"/>
  <system-out/>
</testsuite> <!-- TopZinsPortal.TZPStammGG -->
