<?xml version="1.0" encoding="UTF-8"?>
<!-- Generated by org.testng.reporters.JUnitReportReporter -->
<testsuite hostname="forsa-vm31" failures="0" tests="1" name="TopZinsPortal.TZPTransaktionStartGG" time="24.886" errors="0" timestamp="2021-03-12T16:31:10 CET" skipped="0">
  <testcase classname="TopZinsPortal.TZPTransaktionStartGG" name="TZPTransaktionStartGGTest" time="24.886"/>
  <system-out/>
</testsuite> <!-- TopZinsPortal.TZPTransaktionStartGG -->
