<?xml version="1.0" encoding="UTF-8"?>
<!-- Generated by org.testng.reporters.JUnitReportReporter -->
<testsuite hostname="forsa-vm31" failures="0" tests="2" name="TopZinsPortal.TopZinsPortalRegistrierungGG" time="37.392" errors="0" timestamp="2020-10-06T16:16:11 CEST" skipped="0">
  <testcase classname="TopZinsPortal.TopZinsPortalRegistrierungGG" name="TZRegGGTest" time="18.787"/>
  <system-out/>
  <testcase classname="TopZinsPortal.TopZinsPortalRegistrierungGG" name="TZRegGGTest" time="18.605"/>
  <system-out/>
</testsuite> <!-- TopZinsPortal.TopZinsPortalRegistrierungGG -->
