<?xml version="1.0" encoding="UTF-8"?>
<!-- Generated by org.testng.reporters.JUnitReportReporter -->
<testsuite hostname="forsa-vm31" failures="0" tests="3" name="TopZinsPortal.TZPRegGG" time="124.213" errors="0" timestamp="2020-12-01T11:43:13 CET" skipped="0">
  <testcase classname="TopZinsPortal.TZPRegGG" name="TZRegGGTest" time="41.084"/>
  <system-out/>
  <testcase classname="TopZinsPortal.TZPRegGG" name="TZRegGGTest" time="41.747"/>
  <system-out/>
  <testcase classname="TopZinsPortal.TZPRegGG" name="TZRegGGTest" time="41.382"/>
  <system-out/>
</testsuite> <!-- TopZinsPortal.TZPRegGG -->
