<?xml version="1.0" encoding="UTF-8"?>
<!-- Generated by org.testng.reporters.JUnitReportReporter -->
<testsuite hostname="forsa-vm31" failures="0" tests="2" name="TopZinsPortal.TZPTenderStartGG" time="36.736" errors="0" timestamp="2021-03-26T13:06:20 CET" skipped="0">
  <testcase classname="TopZinsPortal.TZPTenderStartGG" name="TZPTenderStartGGTest" time="36.734"/>
  <system-out/>
  <testcase classname="TopZinsPortal.TZPTenderStartGG" name="TZPTenderStartGGTest" time="0.002"/>
  <system-out/>
</testsuite> <!-- TopZinsPortal.TZPTenderStartGG -->
