<?xml version="1.0" encoding="UTF-8"?>
<!-- Generated by org.testng.reporters.JUnitReportReporter -->
<testsuite hostname="forsa-vm31" failures="0" tests="7" name="TopZinsPortal.TZPStammGG" time="143.297" errors="0" timestamp="2021-02-25T13:37:59 CET" skipped="0">
  <testcase classname="TopZinsPortal.TZPStammGG" name="TZPStammGGTest" time="0.000"/>
  <system-out/>
  <testcase classname="TopZinsPortal.TZPStammGG" name="TZPStammGGTest" time="0.001"/>
  <system-out/>
  <testcase classname="TopZinsPortal.TZPStammGG" name="TZPStammGGTest" time="72.422"/>
  <system-out/>
  <testcase classname="TopZinsPortal.TZPStammGG" name="TZPStammGGTest" time="0.001"/>
  <system-out/>
  <testcase classname="TopZinsPortal.TZPStammGG" name="TZPStammGGTest" time="70.871"/>
  <system-out/>
  <testcase classname="TopZinsPortal.TZPStammGG" name="TZPStammGGTest" time="0.001"/>
  <system-out/>
  <testcase classname="TopZinsPortal.TZPStammGG" name="TZPStammGGTest" time="0.001"/>
  <system-out/>
</testsuite> <!-- TopZinsPortal.TZPStammGG -->
