<?xml version="1.0" encoding="UTF-8"?>
<!-- Generated by org.testng.reporters.JUnitReportReporter -->
<testsuite name="Experimente.Scrollen" tests="1" time="3.058" ignored="0" failures="0" timestamp="23 MÃ¤r 2019 12:09:26 GMT" skipped="0" hostname="Laptop-BHDR" errors="0">
  <testcase name="Scrollin" time="3.058" classname="Experimente.Scrollen"/>
</testsuite> <!-- Experimente.Scrollen -->
