<?xml version="1.0" encoding="UTF-8"?>
<!-- Generated by org.testng.reporters.JUnitReportReporter -->
<testsuite hostname="forsa-vm31" failures="0" tests="2" name="TopZinsPortal.TZPTenderStartGGSeveralUser" time="94.376" errors="0" timestamp="2021-07-17T08:41:29 CEST" skipped="0">
  <testcase classname="TopZinsPortal.TZPTenderStartGGSeveralUser" name="TZPTenderStartGGSeveralUserTest" time="46.793"/>
  <system-out/>
  <testcase classname="TopZinsPortal.TZPTenderStartGGSeveralUser" name="TZPTenderStartGGSeveralUserTest" time="47.583"/>
  <system-out/>
</testsuite> <!-- TopZinsPortal.TZPTenderStartGGSeveralUser -->
