<?xml version="1.0" encoding="UTF-8"?>
<!-- Generated by org.testng.reporters.JUnitReportReporter -->
<testsuite hostname="forsa-vm31" failures="0" tests="7" name="TopZinsPortal.TZPRegGN" time="190.201" errors="0" timestamp="2021-06-09T10:49:10 CEST" skipped="0">
  <testcase classname="TopZinsPortal.TZPRegGN" name="TZPRegGNTest" time="27.071"/>
  <system-out/>
  <testcase classname="TopZinsPortal.TZPRegGN" name="TZPRegGNTest" time="26.981"/>
  <system-out/>
  <testcase classname="TopZinsPortal.TZPRegGN" name="TZPRegGNTest" time="27.067"/>
  <system-out/>
  <testcase classname="TopZinsPortal.TZPRegGN" name="TZPRegGNTest" time="27.212"/>
  <system-out/>
  <testcase classname="TopZinsPortal.TZPRegGN" name="TZPRegGNTest" time="27.341"/>
  <system-out/>
  <testcase classname="TopZinsPortal.TZPRegGN" name="TZPRegGNTest" time="26.934"/>
  <system-out/>
  <testcase classname="TopZinsPortal.TZPRegGN" name="TZPRegGNTest" time="27.595"/>
  <system-out/>
</testsuite> <!-- TopZinsPortal.TZPRegGN -->
