<?xml version="1.0" encoding="UTF-8"?>
<!-- Generated by org.testng.reporters.JUnitReportReporter -->
<testsuite hostname="forsa-vm31" failures="0" tests="2" name="TopZinsPortal.TZPSeveralUserGGEinladung" time="69.340" errors="0" timestamp="2021-06-07T13:34:08 CEST" skipped="0">
  <testcase classname="TopZinsPortal.TZPSeveralUserGGEinladung" name="TZPServeralUserEinladenGGTest" time="35.693"/>
  <system-out/>
  <testcase classname="TopZinsPortal.TZPSeveralUserGGEinladung" name="TZPServeralUserEinladenGGTest" time="33.647"/>
  <system-out/>
</testsuite> <!-- TopZinsPortal.TZPSeveralUserGGEinladung -->
