<?xml version="1.0" encoding="UTF-8"?>
<!-- Generated by org.testng.reporters.JUnitReportReporter -->
<testsuite hostname="forsa-vm31" failures="0" tests="1" name="TopZinsPortal.TZPTenderStartGG" time="29.842" errors="0" timestamp="2021-02-09T16:39:07 CET" skipped="0">
  <testcase classname="TopZinsPortal.TZPTenderStartGG" name="TZPTenderStartGGTest" time="29.842"/>
  <system-out/>
</testsuite> <!-- TopZinsPortal.TZPTenderStartGG -->
