<?xml version="1.0" encoding="UTF-8"?>
<!-- Generated by org.testng.reporters.JUnitReportReporter -->
<testsuite hostname="forsa-vm31" failures="0" tests="3" name="TopZinsPortal.TZPAdminSeveralUserDeaktivierenGG" time="24.769" errors="0" timestamp="2021-06-10T14:56:14 CEST" skipped="0">
  <testcase classname="TopZinsPortal.TZPAdminSeveralUserDeaktivierenGG" name="TZPAdminSeveralUserDeaktivierenGGTest" time="24.760"/>
  <system-out/>
  <testcase classname="TopZinsPortal.TZPAdminSeveralUserDeaktivierenGG" name="TZPAdminSeveralUserDeaktivierenGGTest" time="0.007"/>
  <system-out/>
  <testcase classname="TopZinsPortal.TZPAdminSeveralUserDeaktivierenGG" name="TZPAdminSeveralUserDeaktivierenGGTest" time="0.002"/>
  <system-out/>
</testsuite> <!-- TopZinsPortal.TZPAdminSeveralUserDeaktivierenGG -->
