<?xml version="1.0" encoding="UTF-8"?>
<!-- Generated by org.testng.reporters.JUnitReportReporter -->
<testsuite hostname="forsa-vm31" failures="0" tests="16" name="TopZinsPortal.TZPRegGG" time="34.493" errors="0" timestamp="2021-04-30T11:58:01 CEST" skipped="0">
  <testcase classname="TopZinsPortal.TZPRegGG" name="TZPRegGGTest" time="0.001"/>
  <system-out/>
  <testcase classname="TopZinsPortal.TZPRegGG" name="TZPRegGGTest" time="0.001"/>
  <system-out/>
  <testcase classname="TopZinsPortal.TZPRegGG" name="TZPRegGGTest" time="0.006"/>
  <system-out/>
  <testcase classname="TopZinsPortal.TZPRegGG" name="TZPRegGGTest" time="0.002"/>
  <system-out/>
  <testcase classname="TopZinsPortal.TZPRegGG" name="TZPRegGGTest" time="0.002"/>
  <system-out/>
  <testcase classname="TopZinsPortal.TZPRegGG" name="TZPRegGGTest" time="0.002"/>
  <system-out/>
  <testcase classname="TopZinsPortal.TZPRegGG" name="TZPRegGGTest" time="30.782"/>
  <system-out/>
  <testcase classname="TopZinsPortal.TZPRegGG" name="TZPRegGGTest" time="0.001"/>
  <system-out/>
  <testcase classname="TopZinsPortal.TZPRegGG" name="TZPAfterRegGGEMailTest" time="3.690"/>
  <system-out/>
  <testcase classname="TopZinsPortal.TZPRegGG" name="TZPAfterRegGGEMailTest" time="0.001"/>
  <system-out/>
  <testcase classname="TopZinsPortal.TZPRegGG" name="TZPAfterRegGGEMailTest" time="0.001"/>
  <system-out/>
  <testcase classname="TopZinsPortal.TZPRegGG" name="TZPAfterRegGGEMailTest" time="0.001"/>
  <system-out/>
  <testcase classname="TopZinsPortal.TZPRegGG" name="TZPAfterRegGGEMailTest" time="0.001"/>
  <system-out/>
  <testcase classname="TopZinsPortal.TZPRegGG" name="TZPAfterRegGGEMailTest" time="0.000"/>
  <system-out/>
  <testcase classname="TopZinsPortal.TZPRegGG" name="TZPAfterRegGGEMailTest" time="0.001"/>
  <system-out/>
  <testcase classname="TopZinsPortal.TZPRegGG" name="TZPAfterRegGGEMailTest" time="0.001"/>
  <system-out/>
</testsuite> <!-- TopZinsPortal.TZPRegGG -->
