<?xml version="1.0" encoding="UTF-8"?>
<!-- Generated by org.testng.reporters.JUnitReportReporter -->
<testsuite hostname="forsa-vm31" failures="0" tests="2" name="TopZinsPortal.TZPSeveralUserGNAdminHandelfreigabe" time="67.562" errors="0" timestamp="2021-06-09T15:06:06 CEST" skipped="0">
  <testcase classname="TopZinsPortal.TZPSeveralUserGNAdminHandelfreigabe" name="TZPServeralUserEinladenGGTest" time="39.911"/>
  <system-out/>
  <testcase classname="TopZinsPortal.TZPSeveralUserGNAdminHandelfreigabe" name="TZPServeralUserEinladenGGTest" time="27.651"/>
  <system-out/>
</testsuite> <!-- TopZinsPortal.TZPSeveralUserGNAdminHandelfreigabe -->
