<?xml version="1.0" encoding="UTF-8"?>
<!-- Generated by org.testng.reporters.JUnitReportReporter -->
<testsuite hostname="forsa-vm31" failures="0" tests="4" name="TopZinsPortal.TZPTransaktionAbschlussGNSeveralUser" time="46.175" errors="0" timestamp="2021-08-06T16:56:37 CEST" skipped="0">
  <testcase classname="TopZinsPortal.TZPTransaktionAbschlussGNSeveralUser" name="TZPTransaktionAbschlussGNSeveralUserTest" time="12.473"/>
  <system-out/>
  <testcase classname="TopZinsPortal.TZPTransaktionAbschlussGNSeveralUser" name="TZPTransaktionAbschlussGNSeveralUserTest" time="13.026"/>
  <system-out/>
  <testcase classname="TopZinsPortal.TZPTransaktionAbschlussGNSeveralUser" name="TZPTransaktionAbschlussGNSeveralUserTest" time="12.907"/>
  <system-out/>
  <testcase classname="TopZinsPortal.TZPTransaktionAbschlussGNSeveralUser" name="TZPTransaktionAbschlussGNSeveralUserTest" time="7.769"/>
  <system-out/>
</testsuite> <!-- TopZinsPortal.TZPTransaktionAbschlussGNSeveralUser -->
