<?xml version="1.0" encoding="UTF-8"?>
<!-- Generated by org.testng.reporters.JUnitReportReporter -->
<testsuite hostname="forsa-vm31" failures="0" tests="1" name="TopZinsPortal.TZPAdminUserLoeschenGN" time="15.852" errors="0" timestamp="2021-08-06T10:49:09 CEST" skipped="0">
  <testcase classname="TopZinsPortal.TZPAdminUserLoeschenGN" name="TZPAdminUserLoeschenGNTest" time="15.852"/>
  <system-out/>
</testsuite> <!-- TopZinsPortal.TZPAdminUserLoeschenGN -->
