<?xml version="1.0" encoding="UTF-8"?>
<!-- Generated by org.testng.reporters.JUnitReportReporter -->
<testsuite hostname="forsa-vm31" failures="0" tests="3" name="TopZinsPortal.TZPSeveralUserGNEinladung" time="100.374" errors="0" timestamp="2021-06-10T14:02:10 CEST" skipped="0">
  <testcase classname="TopZinsPortal.TZPSeveralUserGNEinladung" name="TZPServeralUserEinladenGNTest" time="33.531"/>
  <system-out/>
  <testcase classname="TopZinsPortal.TZPSeveralUserGNEinladung" name="TZPServeralUserEinladenGNTest" time="33.242"/>
  <system-out/>
  <testcase classname="TopZinsPortal.TZPSeveralUserGNEinladung" name="TZPServeralUserEinladenGNTest" time="33.601"/>
  <system-out/>
</testsuite> <!-- TopZinsPortal.TZPSeveralUserGNEinladung -->
