<?xml version="1.0" encoding="UTF-8"?>
<!-- Generated by org.testng.reporters.JUnitReportReporter -->
<testsuite hostname="forsa-vm31" failures="0" tests="3" name="TopZinsPortal.TZPSeveralUserGNEinladung" time="103.109" errors="0" timestamp="2021-08-06T16:49:31 CEST" skipped="0">
  <testcase classname="TopZinsPortal.TZPSeveralUserGNEinladung" name="TZPSeveralUserEinladenGNTest" time="34.261"/>
  <system-out/>
  <testcase classname="TopZinsPortal.TZPSeveralUserGNEinladung" name="TZPSeveralUserEinladenGNTest" time="34.338"/>
  <system-out/>
  <testcase classname="TopZinsPortal.TZPSeveralUserGNEinladung" name="TZPSeveralUserEinladenGNTest" time="34.510"/>
  <system-out/>
</testsuite> <!-- TopZinsPortal.TZPSeveralUserGNEinladung -->
