<?xml version="1.0" encoding="UTF-8"?>
<!-- Generated by org.testng.reporters.JUnitReportReporter -->
<testsuite hostname="forsa-vm31" failures="0" tests="3" name="TopZinsPortal.TZPAdminSeveralUserDeaktivierenGN" time="24.477" errors="0" timestamp="2021-06-10T14:58:57 CEST" skipped="0">
  <testcase classname="TopZinsPortal.TZPAdminSeveralUserDeaktivierenGN" name="TZPAdminSeveralUserDeaktivierenGNTest" time="24.463"/>
  <system-out/>
  <testcase classname="TopZinsPortal.TZPAdminSeveralUserDeaktivierenGN" name="TZPAdminSeveralUserDeaktivierenGNTest" time="0.011"/>
  <system-out/>
  <testcase classname="TopZinsPortal.TZPAdminSeveralUserDeaktivierenGN" name="TZPAdminSeveralUserDeaktivierenGNTest" time="0.003"/>
  <system-out/>
</testsuite> <!-- TopZinsPortal.TZPAdminSeveralUserDeaktivierenGN -->
