<?xml version="1.0" encoding="UTF-8"?>
<!-- Generated by org.testng.reporters.JUnitReportReporter -->
<testsuite hostname="forsa-vm31" failures="0" tests="6" name="TopZinsPortal.TZPAdminUserDeaktivierenGN" time="45.011" errors="0" timestamp="2021-03-12T15:01:37 CET" skipped="0">
  <testcase classname="TopZinsPortal.TZPAdminUserDeaktivierenGN" name="TZPAdminUserDeaktivierenGNTest" time="0.000"/>
  <system-out/>
  <testcase classname="TopZinsPortal.TZPAdminUserDeaktivierenGN" name="TZPAdminUserDeaktivierenGNTest" time="0.000"/>
  <system-out/>
  <testcase classname="TopZinsPortal.TZPAdminUserDeaktivierenGN" name="TZPAdminUserDeaktivierenGNTest" time="21.438"/>
  <system-out/>
  <testcase classname="TopZinsPortal.TZPAdminUserDeaktivierenGN" name="TZPAdminUserDeaktivierenGNTest" time="0.001"/>
  <system-out/>
  <testcase classname="TopZinsPortal.TZPAdminUserDeaktivierenGN" name="TZPAdminUserDeaktivierenGNTest" time="23.571"/>
  <system-out/>
  <testcase classname="TopZinsPortal.TZPAdminUserDeaktivierenGN" name="TZPAdminUserDeaktivierenGNTest" time="0.001"/>
  <system-out/>
</testsuite> <!-- TopZinsPortal.TZPAdminUserDeaktivierenGN -->
