<?xml version="1.0" encoding="UTF-8"?>
<!-- Generated by org.testng.reporters.JUnitReportReporter -->
<testsuite hostname="forsa-vm31" failures="0" tests="2" name="TopZinsPortal.TZPTenderAngebotAnnehmenGG" time="25.435" errors="0" timestamp="2021-04-13T10:01:11 CEST" skipped="0">
  <testcase classname="TopZinsPortal.TZPTenderAngebotAnnehmenGG" name="TZPTenderAngebotAnnehmenGGTest" time="25.434"/>
  <system-out/>
  <testcase classname="TopZinsPortal.TZPTenderAngebotAnnehmenGG" name="TZPTenderAngebotAnnehmenGGTest" time="0.001"/>
  <system-out/>
</testsuite> <!-- TopZinsPortal.TZPTenderAngebotAnnehmenGG -->
