<?xml version="1.0" encoding="UTF-8"?>
<!-- Generated by org.testng.reporters.JUnitReportReporter -->
<testsuite hostname="forsa-vm31" failures="0" tests="2" name="TopZinsPortal.TZPAdminHandelsfreigabeGG" time="30.668" errors="0" timestamp="2021-08-06T10:30:25 CEST" skipped="0">
  <testcase classname="TopZinsPortal.TZPAdminHandelsfreigabeGG" name="TZPAdminHandelsfreigabeGGTest" time="30.667"/>
  <system-out/>
  <testcase classname="TopZinsPortal.TZPAdminHandelsfreigabeGG" name="TZPAdminHandelsfreigabeGGTest" time="0.001"/>
  <system-out/>
</testsuite> <!-- TopZinsPortal.TZPAdminHandelsfreigabeGG -->
