<?xml version="1.0" encoding="UTF-8"?>
<!-- Generated by org.testng.reporters.JUnitReportReporter -->
<testsuite hostname="forsa-vm31" failures="0" tests="2" name="TopZinsPortal.TZPTenderStartGGSeveralUser" time="99.450" errors="0" timestamp="2021-07-16T11:45:18 CEST" skipped="0">
  <testcase classname="TopZinsPortal.TZPTenderStartGGSeveralUser" name="TZPTenderStartGGSeveralUserTest" time="49.059"/>
  <system-out/>
  <testcase classname="TopZinsPortal.TZPTenderStartGGSeveralUser" name="TZPTenderStartGGSeveralUserTest" time="50.391"/>
  <system-out/>
</testsuite> <!-- TopZinsPortal.TZPTenderStartGGSeveralUser -->
