<?xml version="1.0" encoding="UTF-8"?>
<!-- Generated by org.testng.reporters.JUnitReportReporter -->
<testsuite hostname="forsa-vm31" failures="0" tests="4" name="TopZinsPortal.TZPSeveralUserGGEinladung" time="104.206" errors="0" timestamp="2021-07-17T08:28:51 CEST" skipped="0">
  <testcase classname="TopZinsPortal.TZPSeveralUserGGEinladung" name="TZPSeveralUserEinladenGGTest" time="0.006"/>
  <system-out/>
  <testcase classname="TopZinsPortal.TZPSeveralUserGGEinladung" name="TZPSeveralUserEinladenGGTest" time="33.472"/>
  <system-out/>
  <testcase classname="TopZinsPortal.TZPSeveralUserGGEinladung" name="TZPSeveralUserEinladenGGTest" time="33.375"/>
  <system-out/>
  <testcase classname="TopZinsPortal.TZPSeveralUserGGEinladung" name="TZPSeveralUserEinladenGGTest" time="37.353"/>
  <system-out/>
</testsuite> <!-- TopZinsPortal.TZPSeveralUserGGEinladung -->
