<?xml version="1.0" encoding="UTF-8"?>
<!-- Generated by org.testng.reporters.JUnitReportReporter -->
<testsuite hostname="forsa-vm31" failures="0" tests="1" name="TopZinsPortal.TZPTransaktionAkzeptierenGN" time="10.894" errors="0" timestamp="2021-01-27T17:24:36 CET" skipped="0">
  <testcase classname="TopZinsPortal.TZPTransaktionAkzeptierenGN" name="TZPTransaktionStartGGTest" time="10.894"/>
  <system-out/>
</testsuite> <!-- TopZinsPortal.TZPTransaktionAkzeptierenGN -->
