<?xml version="1.0" encoding="UTF-8"?>
<!-- Generated by org.testng.reporters.JUnitReportReporter -->
<testsuite hostname="forsa-vm31" failures="0" tests="15" name="TopZinsPortal.TZPAdminUserLoeschen" time="13.599" errors="0" timestamp="2020-12-30T15:49:01 CET" skipped="0">
  <testcase classname="TopZinsPortal.TZPAdminUserLoeschen" name="TZPAdminUserLoeschenTest" time="0.001"/>
  <system-out/>
  <testcase classname="TopZinsPortal.TZPAdminUserLoeschen" name="TZPAdminUserLoeschenTest" time="0.001"/>
  <system-out/>
  <testcase classname="TopZinsPortal.TZPAdminUserLoeschen" name="TZPAdminUserLoeschenTest" time="0.000"/>
  <system-out/>
  <testcase classname="TopZinsPortal.TZPAdminUserLoeschen" name="TZPAdminUserLoeschenTest" time="0.000"/>
  <system-out/>
  <testcase classname="TopZinsPortal.TZPAdminUserLoeschen" name="TZPAdminUserLoeschenTest" time="0.001"/>
  <system-out/>
  <testcase classname="TopZinsPortal.TZPAdminUserLoeschen" name="TZPAdminUserLoeschenTest" time="0.001"/>
  <system-out/>
  <testcase classname="TopZinsPortal.TZPAdminUserLoeschen" name="TZPAdminUserLoeschenTest" time="0.000"/>
  <system-out/>
  <testcase classname="TopZinsPortal.TZPAdminUserLoeschen" name="TZPAdminUserLoeschenTest" time="13.591"/>
  <system-out/>
  <testcase classname="TopZinsPortal.TZPAdminUserLoeschen" name="TZPAdminUserLoeschenTest" time="0.000"/>
  <system-out/>
  <testcase classname="TopZinsPortal.TZPAdminUserLoeschen" name="TZPAdminUserLoeschenTest" time="0.000"/>
  <system-out/>
  <testcase classname="TopZinsPortal.TZPAdminUserLoeschen" name="TZPAdminUserLoeschenTest" time="0.001"/>
  <system-out/>
  <testcase classname="TopZinsPortal.TZPAdminUserLoeschen" name="TZPAdminUserLoeschenTest" time="0.000"/>
  <system-out/>
  <testcase classname="TopZinsPortal.TZPAdminUserLoeschen" name="TZPAdminUserLoeschenTest" time="0.001"/>
  <system-out/>
  <testcase classname="TopZinsPortal.TZPAdminUserLoeschen" name="TZPAdminUserLoeschenTest" time="0.001"/>
  <system-out/>
  <testcase classname="TopZinsPortal.TZPAdminUserLoeschen" name="TZPAdminUserLoeschenTest" time="0.001"/>
  <system-out/>
</testsuite> <!-- TopZinsPortal.TZPAdminUserLoeschen -->
