<?xml version="1.0" encoding="UTF-8"?>
<!-- Generated by org.testng.reporters.JUnitReportReporter -->
<testsuite hostname="forsa-vm31" failures="0" tests="1" name="WebRiskTests.WebRiskBasisTestPHVOKold" time="0.000" errors="0" timestamp="2020-09-30T15:40:41 CEST" skipped="1">
  <testcase classname="WebRiskTests.WebRiskBasisTestPHVOKold" name="BasisRisiko" time="0.000">
    <skipped/>
  </testcase> <!-- BasisRisiko -->
  <system-out/>
</testsuite> <!-- WebRiskTests.WebRiskBasisTestPHVOKold -->
