<?xml version="1.0" encoding="UTF-8"?>
<!-- Generated by org.testng.reporters.JUnitReportReporter -->
<testsuite hostname="forsa-vm31" failures="0" tests="2" name="TopZinsPortal.TZPTenderAngebotAnnehmenGGSeveralUser" time="47.604" errors="0" timestamp="2021-07-16T11:45:18 CEST" skipped="0">
  <testcase classname="TopZinsPortal.TZPTenderAngebotAnnehmenGGSeveralUser" name="TZPTenderAngebotAnnehmenGGSeveralUserTest" time="23.821"/>
  <system-out/>
  <testcase classname="TopZinsPortal.TZPTenderAngebotAnnehmenGGSeveralUser" name="TZPTenderAngebotAnnehmenGGSeveralUserTest" time="23.783"/>
  <system-out/>
</testsuite> <!-- TopZinsPortal.TZPTenderAngebotAnnehmenGGSeveralUser -->
