<?xml version="1.0" encoding="UTF-8"?>
<!-- Generated by org.testng.reporters.JUnitReportReporter -->
<testsuite hostname="forsa-vm31" failures="0" tests="4" name="TopZinsPortal.TZPTransaktionStartGG" time="131.566" errors="0" timestamp="2021-07-02T13:18:53 CEST" skipped="0">
  <testcase classname="TopZinsPortal.TZPTransaktionStartGG" name="TZPTransaktionStartGGTest" time="32.162"/>
  <system-out/>
  <testcase classname="TopZinsPortal.TZPTransaktionStartGG" name="TZPTransaktionStartGGTest" time="32.056"/>
  <system-out/>
  <testcase classname="TopZinsPortal.TZPTransaktionStartGG" name="TZPTransaktionStartGGTest" time="34.243"/>
  <system-out/>
  <testcase classname="TopZinsPortal.TZPTransaktionStartGG" name="TZPTransaktionStartGGTest" time="33.105"/>
  <system-out/>
</testsuite> <!-- TopZinsPortal.TZPTransaktionStartGG -->
