<?xml version="1.0" encoding="UTF-8"?>
<!-- Generated by org.testng.reporters.JUnitReportReporter -->
<testsuite hostname="forsa-vm31" failures="0" tests="1" name="TopZinsPortal.TZPAdminHandelsfreigabeGG" time="30.348" errors="0" timestamp="2021-06-02T10:38:26 CEST" skipped="0">
  <testcase classname="TopZinsPortal.TZPAdminHandelsfreigabeGG" name="TZPAdminHandelsfreigabeGGTest" time="30.348"/>
  <system-out/>
</testsuite> <!-- TopZinsPortal.TZPAdminHandelsfreigabeGG -->
