<?xml version="1.0" encoding="UTF-8"?>
<!-- Generated by org.testng.reporters.JUnitReportReporter -->
<testsuite hostname="forsa-vm31" failures="0" tests="2" name="TopZinsPortal.TZPLoginGG" time="28.662" errors="0" timestamp="2021-05-25T13:53:15 CEST" skipped="0">
  <testcase classname="TopZinsPortal.TZPLoginGG" name="TZPLoginGGTest" time="14.353"/>
  <system-out/>
  <testcase classname="TopZinsPortal.TZPLoginGG" name="TZPLoginGGTest" time="14.309"/>
  <system-out/>
</testsuite> <!-- TopZinsPortal.TZPLoginGG -->
