<?xml version="1.0" encoding="UTF-8"?>
<!-- Generated by org.testng.reporters.JUnitReportReporter -->
<testsuite hostname="forsa-vm31" failures="0" tests="7" name="TopZinsPortal.TZPTransaktionBearbeitenGNSeveralUser" time="93.913" errors="0" timestamp="2021-08-06T16:56:37 CEST" skipped="0">
  <testcase classname="TopZinsPortal.TZPTransaktionBearbeitenGNSeveralUser" name="TZPTransaktionBearbeitenGNSeveralUserTest" time="23.636"/>
  <system-out/>
  <testcase classname="TopZinsPortal.TZPTransaktionBearbeitenGNSeveralUser" name="TZPTransaktionBearbeitenGNSeveralUserTest" time="24.529"/>
  <system-out/>
  <testcase classname="TopZinsPortal.TZPTransaktionBearbeitenGNSeveralUser" name="TZPTransaktionBearbeitenGNSeveralUserTest" time="22.110"/>
  <system-out/>
  <testcase classname="TopZinsPortal.TZPTransaktionBearbeitenGNSeveralUser" name="TZPTransaktionBearbeitenGNSeveralUserTest" time="23.635"/>
  <system-out/>
  <testcase classname="TopZinsPortal.TZPTransaktionBearbeitenGNSeveralUser" name="TZPTransaktionAkzeptierenGNSeveralUserTest" time="0.001"/>
  <system-out/>
  <testcase classname="TopZinsPortal.TZPTransaktionBearbeitenGNSeveralUser" name="TZPTransaktionAblehnenGNSeveralUserTest" time="0.001"/>
  <system-out/>
  <testcase classname="TopZinsPortal.TZPTransaktionBearbeitenGNSeveralUser" name="TZPTransaktionTelefonischWeiterleitenGNSeveralUserTest" time="0.001"/>
  <system-out/>
</testsuite> <!-- TopZinsPortal.TZPTransaktionBearbeitenGNSeveralUser -->
