<?xml version="1.0" encoding="UTF-8"?>
<!-- Generated by org.testng.reporters.JUnitReportReporter -->
<testsuite hostname="forsa-vm31" failures="0" tests="2" name="TopZinsPortal.TZPTransaktionAkzeptierenGNTelefon" time="49.047" errors="0" timestamp="2021-03-18T16:35:28 CET" skipped="0">
  <testcase classname="TopZinsPortal.TZPTransaktionAkzeptierenGNTelefon" name="TZPTransaktionAkzeptierenGNTest" time="28.135"/>
  <system-out/>
  <testcase classname="TopZinsPortal.TZPTransaktionAkzeptierenGNTelefon" name="TZPTransaktionAkzeptierenGNTest" time="20.912"/>
  <system-out/>
</testsuite> <!-- TopZinsPortal.TZPTransaktionAkzeptierenGNTelefon -->
