<?xml version="1.0" encoding="UTF-8"?>
<!-- Generated by org.testng.reporters.JUnitReportReporter -->
<testsuite hostname="forsa-vm31" failures="0" tests="3" name="TopZinsPortal.TZPAdminHandelsfreigabeGG" time="34.875" errors="0" timestamp="2021-03-02T14:42:08 CET" skipped="0">
  <testcase classname="TopZinsPortal.TZPAdminHandelsfreigabeGG" name="TZPAdminHandelsfreigabeGGTest" time="0.001"/>
  <system-out/>
  <testcase classname="TopZinsPortal.TZPAdminHandelsfreigabeGG" name="TZPAdminHandelsfreigabeGGTest" time="0.000"/>
  <system-out/>
  <testcase classname="TopZinsPortal.TZPAdminHandelsfreigabeGG" name="TZPAdminHandelsfreigabeGGTest" time="34.874"/>
  <system-out/>
</testsuite> <!-- TopZinsPortal.TZPAdminHandelsfreigabeGG -->
