<?xml version="1.0" encoding="UTF-8"?>
<!-- Generated by org.testng.reporters.JUnitReportReporter -->
<testsuite hostname="forsa-vm31" failures="0" tests="3" name="TopZinsPortal.TZPTransaktionBearbeitenAdmin" time="29.090" errors="0" timestamp="2021-04-13T09:58:16 CEST" skipped="0">
  <testcase classname="TopZinsPortal.TZPTransaktionBearbeitenAdmin" name="TZPTransaktionBearbeitenAdminTest" time="17.675"/>
  <system-out/>
  <testcase classname="TopZinsPortal.TZPTransaktionBearbeitenAdmin" name="TZPTransaktionBearbeitenAdminTest" time="5.781"/>
  <system-out/>
  <testcase classname="TopZinsPortal.TZPTransaktionBearbeitenAdmin" name="TZPTransaktionBearbeitenAdminTest" time="5.634"/>
  <system-out/>
</testsuite> <!-- TopZinsPortal.TZPTransaktionBearbeitenAdmin -->
