<?xml version="1.0" encoding="UTF-8"?>
<!-- Generated by org.testng.reporters.JUnitReportReporter -->
<testsuite hostname="forsa-vm31" failures="0" tests="7" name="TopZinsPortal.TZPTransaktionBearbeitenGNSeveralUser" time="85.800" errors="0" timestamp="2021-07-17T08:35:39 CEST" skipped="0">
  <testcase classname="TopZinsPortal.TZPTransaktionBearbeitenGNSeveralUser" name="TZPTransaktionBearbeitenGNSeveralUserTest" time="22.266"/>
  <system-out/>
  <testcase classname="TopZinsPortal.TZPTransaktionBearbeitenGNSeveralUser" name="TZPTransaktionBearbeitenGNSeveralUserTest" time="21.711"/>
  <system-out/>
  <testcase classname="TopZinsPortal.TZPTransaktionBearbeitenGNSeveralUser" name="TZPTransaktionBearbeitenGNSeveralUserTest" time="21.959"/>
  <system-out/>
  <testcase classname="TopZinsPortal.TZPTransaktionBearbeitenGNSeveralUser" name="TZPTransaktionBearbeitenGNSeveralUserTest" time="19.861"/>
  <system-out/>
  <testcase classname="TopZinsPortal.TZPTransaktionBearbeitenGNSeveralUser" name="TZPTransaktionAkzeptierenGNSeveralUserTest" time="0.001"/>
  <system-out/>
  <testcase classname="TopZinsPortal.TZPTransaktionBearbeitenGNSeveralUser" name="TZPTransaktionAblehnenGNSeveralUserTest" time="0.001"/>
  <system-out/>
  <testcase classname="TopZinsPortal.TZPTransaktionBearbeitenGNSeveralUser" name="TZPTransaktionTelefonischWeiterleitenGNSeveralUserTest" time="0.001"/>
  <system-out/>
</testsuite> <!-- TopZinsPortal.TZPTransaktionBearbeitenGNSeveralUser -->
