<?xml version="1.0" encoding="UTF-8"?>
<!-- Generated by org.testng.reporters.JUnitReportReporter -->
<testsuite hostname="forsa-vm31" failures="0" tests="11" name="TopZinsPortal.TZPCheckEMailsGG" time="77.983" errors="0" timestamp="2021-05-14T16:18:24 CEST" skipped="0">
  <testcase classname="TopZinsPortal.TZPCheckEMailsGG" name="TZPCheckEmailGGTest" time="12.645"/>
  <system-out/>
  <testcase classname="TopZinsPortal.TZPCheckEMailsGG" name="TZPCheckEmailGGTest" time="4.517"/>
  <system-out/>
  <testcase classname="TopZinsPortal.TZPCheckEMailsGG" name="TZPCheckEmailGGTest" time="9.402"/>
  <system-out/>
  <testcase classname="TopZinsPortal.TZPCheckEMailsGG" name="TZPCheckEmailGGTest" time="4.511"/>
  <system-out/>
  <testcase classname="TopZinsPortal.TZPCheckEMailsGG" name="TZPCheckEmailGGTest" time="7.671"/>
  <system-out/>
  <testcase classname="TopZinsPortal.TZPCheckEMailsGG" name="TZPCheckEmailGGTest" time="10.736"/>
  <system-out/>
  <testcase classname="TopZinsPortal.TZPCheckEMailsGG" name="TZPCheckEmailGGTest" time="4.513"/>
  <system-out/>
  <testcase classname="TopZinsPortal.TZPCheckEMailsGG" name="TZPCheckEmailGGTest" time="10.443"/>
  <system-out/>
  <testcase classname="TopZinsPortal.TZPCheckEMailsGG" name="TZPCheckEmailGGTest" time="4.518"/>
  <system-out/>
  <testcase classname="TopZinsPortal.TZPCheckEMailsGG" name="TZPCheckEmailGGTest" time="4.515"/>
  <system-out/>
  <testcase classname="TopZinsPortal.TZPCheckEMailsGG" name="TZPCheckEmailGGTest" time="4.512"/>
  <system-out/>
</testsuite> <!-- TopZinsPortal.TZPCheckEMailsGG -->
