<?xml version="1.0" encoding="UTF-8"?>
<!-- Generated by org.testng.reporters.JUnitReportReporter -->
<testsuite hostname="forsa-vm31" failures="0" tests="10" name="TopZinsPortal.TZPLoginGN" time="24.080" errors="0" timestamp="2021-02-16T13:52:43 CET" skipped="0">
  <testcase classname="TopZinsPortal.TZPLoginGN" name="TZPLoginGNTest" time="0.001"/>
  <system-out/>
  <testcase classname="TopZinsPortal.TZPLoginGN" name="TZPLoginGNTest" time="0.001"/>
  <system-out/>
  <testcase classname="TopZinsPortal.TZPLoginGN" name="TZPLoginGNTest" time="0.001"/>
  <system-out/>
  <testcase classname="TopZinsPortal.TZPLoginGN" name="TZPLoginGNTest" time="0.001"/>
  <system-out/>
  <testcase classname="TopZinsPortal.TZPLoginGN" name="TZPLoginGNTest" time="0.001"/>
  <system-out/>
  <testcase classname="TopZinsPortal.TZPLoginGN" name="TZPLoginGNTest" time="12.038"/>
  <system-out/>
  <testcase classname="TopZinsPortal.TZPLoginGN" name="TZPLoginGNTest" time="0.001"/>
  <system-out/>
  <testcase classname="TopZinsPortal.TZPLoginGN" name="TZPLoginGNTest" time="0.001"/>
  <system-out/>
  <testcase classname="TopZinsPortal.TZPLoginGN" name="TZPLoginGNTest" time="12.033"/>
  <system-out/>
  <testcase classname="TopZinsPortal.TZPLoginGN" name="TZPLoginGNTest" time="0.002"/>
  <system-out/>
</testsuite> <!-- TopZinsPortal.TZPLoginGN -->
