<?xml version="1.0" encoding="UTF-8"?>
<!-- Generated by org.testng.reporters.JUnitReportReporter -->
<testsuite hostname="forsa-vm31" failures="0" tests="1" name="TopZinsPortal.TZPAdminUserLoeschenGN" time="25.332" errors="0" timestamp="2021-03-02T15:00:34 CET" skipped="0">
  <testcase classname="TopZinsPortal.TZPAdminUserLoeschenGN" name="TZPAdminUserLoeschenGNTest" time="25.332"/>
  <system-out/>
</testsuite> <!-- TopZinsPortal.TZPAdminUserLoeschenGN -->
