<?xml version="1.0" encoding="UTF-8"?>
<!-- Generated by org.testng.reporters.JUnitReportReporter -->
<testsuite hostname="forsa-vm31" failures="0" tests="1" name="TopZinsPortal.TZPTransaktionAbschlussGN" time="8.095" errors="0" timestamp="2021-01-30T14:00:57 CET" skipped="0">
  <testcase classname="TopZinsPortal.TZPTransaktionAbschlussGN" name="TZPTransaktionAbschlussGNTest" time="8.095"/>
  <system-out/>
</testsuite> <!-- TopZinsPortal.TZPTransaktionAbschlussGN -->
