<?xml version="1.0" encoding="UTF-8"?>
<!-- Generated by org.testng.reporters.JUnitReportReporter -->
<testsuite hostname="forsa-vm31" failures="0" tests="3" name="TopZinsPortal.TZPTransaktionAbschlussGN" time="32.639" errors="0" timestamp="2021-05-07T16:47:58 CEST" skipped="0">
  <testcase classname="TopZinsPortal.TZPTransaktionAbschlussGN" name="TZPTransaktionAbschlussGNTest" time="8.102"/>
  <system-out/>
  <testcase classname="TopZinsPortal.TZPTransaktionAbschlussGN" name="TZPTransaktionAbschlussGNTest" time="11.788"/>
  <system-out/>
  <testcase classname="TopZinsPortal.TZPTransaktionAbschlussGN" name="TZPTransaktionAbschlussGNTest" time="12.749"/>
  <system-out/>
</testsuite> <!-- TopZinsPortal.TZPTransaktionAbschlussGN -->
