<?xml version="1.0" encoding="UTF-8"?>
<!-- Generated by org.testng.reporters.JUnitReportReporter -->
<testsuite hostname="forsa-vm31" failures="0" tests="2" name="TopZinsPortal.TZPTenderStartGG" time="48.832" errors="0" timestamp="2021-04-20T14:04:27 CEST" skipped="0">
  <testcase classname="TopZinsPortal.TZPTenderStartGG" name="TZPTenderStartGGTest" time="48.829"/>
  <system-out/>
  <testcase classname="TopZinsPortal.TZPTenderStartGG" name="TZPTenderStartGGTest" time="0.003"/>
  <system-out/>
</testsuite> <!-- TopZinsPortal.TZPTenderStartGG -->
