<?xml version="1.0" encoding="UTF-8"?>
<!-- Generated by org.testng.reporters.JUnitReportReporter -->
<testsuite hostname="forsa-vm31" failures="0" tests="2" name="TopZinsPortal.TZPTenderAngebotAnnehmenGG" time="19.379" errors="0" timestamp="2021-03-12T16:45:53 CET" skipped="0">
  <testcase classname="TopZinsPortal.TZPTenderAngebotAnnehmenGG" name="TZPTenderAngebotAnnehmenGGTest" time="19.378"/>
  <system-out/>
  <testcase classname="TopZinsPortal.TZPTenderAngebotAnnehmenGG" name="TZPTenderAngebotAnnehmenGGTest" time="0.001"/>
  <system-out/>
</testsuite> <!-- TopZinsPortal.TZPTenderAngebotAnnehmenGG -->
