<?xml version="1.0" encoding="UTF-8"?>
<!-- Generated by org.testng.reporters.JUnitReportReporter -->
<testsuite hostname="forsa-vm31" failures="0" tests="9" name="TopZinsPortal.TZPRegGN" time="181.006" errors="0" timestamp="2021-04-07T14:51:43 CEST" skipped="0">
  <testcase classname="TopZinsPortal.TZPRegGN" name="TZPRegGNTest" time="22.313"/>
  <system-out/>
  <testcase classname="TopZinsPortal.TZPRegGN" name="TZPRegGNTest" time="22.539"/>
  <system-out/>
  <testcase classname="TopZinsPortal.TZPRegGN" name="TZPRegGNTest" time="22.676"/>
  <system-out/>
  <testcase classname="TopZinsPortal.TZPRegGN" name="TZPRegGNTest" time="22.150"/>
  <system-out/>
  <testcase classname="TopZinsPortal.TZPRegGN" name="TZPRegGNTest" time="22.122"/>
  <system-out/>
  <testcase classname="TopZinsPortal.TZPRegGN" name="TZPRegGNTest" time="24.417"/>
  <system-out/>
  <testcase classname="TopZinsPortal.TZPRegGN" name="TZPRegGNTest" time="0.001"/>
  <system-out/>
  <testcase classname="TopZinsPortal.TZPRegGN" name="TZPRegGNTest" time="22.261"/>
  <system-out/>
  <testcase classname="TopZinsPortal.TZPRegGN" name="TZPRegGNTest" time="22.527"/>
  <system-out/>
</testsuite> <!-- TopZinsPortal.TZPRegGN -->
