<?xml version="1.0" encoding="UTF-8"?>
<!-- Generated by org.testng.reporters.JUnitReportReporter -->
<testsuite hostname="forsa-vm31" failures="0" tests="3" name="TopZinsPortal.TZPSeveralUserGNEinladung" time="104.850" errors="0" timestamp="2021-07-17T08:28:51 CEST" skipped="0">
  <testcase classname="TopZinsPortal.TZPSeveralUserGNEinladung" name="TZPSeveralUserEinladenGNTest" time="32.354"/>
  <system-out/>
  <testcase classname="TopZinsPortal.TZPSeveralUserGNEinladung" name="TZPSeveralUserEinladenGNTest" time="36.362"/>
  <system-out/>
  <testcase classname="TopZinsPortal.TZPSeveralUserGNEinladung" name="TZPSeveralUserEinladenGNTest" time="36.134"/>
  <system-out/>
</testsuite> <!-- TopZinsPortal.TZPSeveralUserGNEinladung -->
