<?xml version="1.0" encoding="UTF-8"?>
<!-- Generated by org.testng.reporters.JUnitReportReporter -->
<testsuite hostname="forsa-vm31" failures="0" tests="4" name="TopZinsPortal.TZPLoginGN" time="56.639" errors="0" timestamp="2021-05-25T13:53:15 CEST" skipped="0">
  <testcase classname="TopZinsPortal.TZPLoginGN" name="TZPLoginGNTest" time="14.196"/>
  <system-out/>
  <testcase classname="TopZinsPortal.TZPLoginGN" name="TZPLoginGNTest" time="13.983"/>
  <system-out/>
  <testcase classname="TopZinsPortal.TZPLoginGN" name="TZPLoginGNTest" time="14.098"/>
  <system-out/>
  <testcase classname="TopZinsPortal.TZPLoginGN" name="TZPLoginGNTest" time="14.362"/>
  <system-out/>
</testsuite> <!-- TopZinsPortal.TZPLoginGN -->
