<?xml version="1.0" encoding="UTF-8"?>
<!-- Generated by org.testng.reporters.JUnitReportReporter -->
<testsuite hostname="forsa-vm31" failures="0" tests="4" name="TopZinsPortal.TZPAdminUserDeaktivierenGG" time="53.673" errors="0" timestamp="2021-04-19T10:39:32 CEST" skipped="0">
  <testcase classname="TopZinsPortal.TZPAdminUserDeaktivierenGG" name="TZPAdminUserDeaktivierenGGTest" time="27.625"/>
  <system-out/>
  <testcase classname="TopZinsPortal.TZPAdminUserDeaktivierenGG" name="TZPAdminUserDeaktivierenGGTest" time="0.000"/>
  <system-out/>
  <testcase classname="TopZinsPortal.TZPAdminUserDeaktivierenGG" name="TZPAdminUserDeaktivierenGGTest" time="26.047"/>
  <system-out/>
  <testcase classname="TopZinsPortal.TZPAdminUserDeaktivierenGG" name="TZPAdminUserDeaktivierenGGTest" time="0.001"/>
  <system-out/>
</testsuite> <!-- TopZinsPortal.TZPAdminUserDeaktivierenGG -->
