<?xml version="1.0" encoding="UTF-8"?>
<!-- Generated by org.testng.reporters.JUnitReportReporter -->
<testsuite hostname="forsa-vm31" failures="0" tests="4" name="TopZinsPortal.TZPSeveralUserGGEinladung" time="106.578" errors="0" timestamp="2021-07-05T15:37:58 CEST" skipped="0">
  <testcase classname="TopZinsPortal.TZPSeveralUserGGEinladung" name="TZPSeveralUserEinladenGGTest" time="35.215"/>
  <system-out/>
  <testcase classname="TopZinsPortal.TZPSeveralUserGGEinladung" name="TZPSeveralUserEinladenGGTest" time="0.007"/>
  <system-out/>
  <testcase classname="TopZinsPortal.TZPSeveralUserGGEinladung" name="TZPSeveralUserEinladenGGTest" time="35.825"/>
  <system-out/>
  <testcase classname="TopZinsPortal.TZPSeveralUserGGEinladung" name="TZPSeveralUserEinladenGGTest" time="35.531"/>
  <system-out/>
</testsuite> <!-- TopZinsPortal.TZPSeveralUserGGEinladung -->
