<?xml version="1.0" encoding="UTF-8"?>
<!-- Generated by org.testng.reporters.JUnitReportReporter -->
<testsuite hostname="forsa-vm31" failures="0" tests="5" name="TopZinsPortal.TZPRegGG" time="160.563" errors="0" timestamp="2021-06-02T10:38:25 CEST" skipped="0">
  <testcase classname="TopZinsPortal.TZPRegGG" name="TZPRegGGTest" time="31.607"/>
  <system-out/>
  <testcase classname="TopZinsPortal.TZPRegGG" name="TZPRegGGTest" time="30.377"/>
  <system-out/>
  <testcase classname="TopZinsPortal.TZPRegGG" name="TZPRegGGTest" time="33.929"/>
  <system-out/>
  <testcase classname="TopZinsPortal.TZPRegGG" name="TZPRegGGTest" time="34.256"/>
  <system-out/>
  <testcase classname="TopZinsPortal.TZPRegGG" name="TZPRegGGTest" time="30.394"/>
  <system-out/>
</testsuite> <!-- TopZinsPortal.TZPRegGG -->
