<?xml version="1.0" encoding="UTF-8"?>
<!-- Generated by org.testng.reporters.JUnitReportReporter -->
<testsuite hostname="forsa-vm31" failures="0" tests="4" name="TopZinsPortal.TZPTransaktionBearbeitenAdmin" time="29.063" errors="0" timestamp="2021-07-17T08:35:39 CEST" skipped="0">
  <testcase classname="TopZinsPortal.TZPTransaktionBearbeitenAdmin" name="TZPTransaktionBearbeitenAdminTest" time="15.110"/>
  <system-out/>
  <testcase classname="TopZinsPortal.TZPTransaktionBearbeitenAdmin" name="TZPTransaktionBearbeitenAdminTest" time="4.686"/>
  <system-out/>
  <testcase classname="TopZinsPortal.TZPTransaktionBearbeitenAdmin" name="TZPTransaktionBearbeitenAdminTest" time="4.560"/>
  <system-out/>
  <testcase classname="TopZinsPortal.TZPTransaktionBearbeitenAdmin" name="TZPTransaktionBearbeitenAdminTest" time="4.707"/>
  <system-out/>
</testsuite> <!-- TopZinsPortal.TZPTransaktionBearbeitenAdmin -->
