<?xml version="1.0" encoding="UTF-8"?>
<!-- Generated by org.testng.reporters.JUnitReportReporter -->
<testsuite hostname="forsa-vm31" failures="0" tests="7" name="TopZinsPortal.TZPTransaktionBearbeitenGN" time="86.960" errors="0" timestamp="2021-07-02T13:18:53 CEST" skipped="0">
  <testcase classname="TopZinsPortal.TZPTransaktionBearbeitenGN" name="TZPTransaktionBearbeitenGNTest" time="22.687"/>
  <system-out/>
  <testcase classname="TopZinsPortal.TZPTransaktionBearbeitenGN" name="TZPTransaktionBearbeitenGNTest" time="20.890"/>
  <system-out/>
  <testcase classname="TopZinsPortal.TZPTransaktionBearbeitenGN" name="TZPTransaktionBearbeitenGNTest" time="22.987"/>
  <system-out/>
  <testcase classname="TopZinsPortal.TZPTransaktionBearbeitenGN" name="TZPTransaktionBearbeitenGNTest" time="20.394"/>
  <system-out/>
  <testcase classname="TopZinsPortal.TZPTransaktionBearbeitenGN" name="TZPTransaktionAkzeptierenGNTest" time="0.001"/>
  <system-out/>
  <testcase classname="TopZinsPortal.TZPTransaktionBearbeitenGN" name="TZPTransaktionAblehnenGNTest" time="0.000"/>
  <system-out/>
  <testcase classname="TopZinsPortal.TZPTransaktionBearbeitenGN" name="TZPTransaktionTelefonischWeiterleitenGNTest" time="0.001"/>
  <system-out/>
</testsuite> <!-- TopZinsPortal.TZPTransaktionBearbeitenGN -->
