<?xml version="1.0" encoding="UTF-8"?>
<!-- Generated by org.testng.reporters.JUnitReportReporter -->
<testsuite hostname="forsa-vm31" failures="0" tests="10" name="TopZinsPortal.TZPStammGN" time="152.248" errors="0" timestamp="2021-02-25T13:37:59 CET" skipped="0">
  <testcase classname="TopZinsPortal.TZPStammGN" name="TZPStammGNTest" time="0.001"/>
  <system-out/>
  <testcase classname="TopZinsPortal.TZPStammGN" name="TZPStammGNTest" time="0.000"/>
  <system-out/>
  <testcase classname="TopZinsPortal.TZPStammGN" name="TZPStammGNTest" time="0.001"/>
  <system-out/>
  <testcase classname="TopZinsPortal.TZPStammGN" name="TZPStammGNTest" time="76.816"/>
  <system-out/>
  <testcase classname="TopZinsPortal.TZPStammGN" name="TZPStammGNTest" time="0.000"/>
  <system-out/>
  <testcase classname="TopZinsPortal.TZPStammGN" name="TZPStammGNTest" time="0.001"/>
  <system-out/>
  <testcase classname="TopZinsPortal.TZPStammGN" name="TZPStammGNTest" time="0.000"/>
  <system-out/>
  <testcase classname="TopZinsPortal.TZPStammGN" name="TZPStammGNTest" time="0.000"/>
  <system-out/>
  <testcase classname="TopZinsPortal.TZPStammGN" name="TZPStammGNTest" time="75.428"/>
  <system-out/>
  <testcase classname="TopZinsPortal.TZPStammGN" name="TZPStammGNTest" time="0.001"/>
  <system-out/>
</testsuite> <!-- TopZinsPortal.TZPStammGN -->
