<?xml version="1.0" encoding="UTF-8"?>
<!-- Generated by org.testng.reporters.JUnitReportReporter -->
<testsuite hostname="forsa-vm31" failures="0" tests="3" name="TopZinsPortal.TZPAdminSeveralUserLoeschenGG" time="43.640" errors="0" timestamp="2021-06-15T14:08:25 CEST" skipped="0">
  <testcase classname="TopZinsPortal.TZPAdminSeveralUserLoeschenGG" name="TZPAdminSeveralUserLoeschenGGTest" time="25.936"/>
  <system-out/>
  <testcase classname="TopZinsPortal.TZPAdminSeveralUserLoeschenGG" name="TZPAdminSeveralUserLoeschenGGTest" time="8.794"/>
  <system-out/>
  <testcase classname="TopZinsPortal.TZPAdminSeveralUserLoeschenGG" name="TZPAdminSeveralUserLoeschenGGTest" time="8.910"/>
  <system-out/>
</testsuite> <!-- TopZinsPortal.TZPAdminSeveralUserLoeschenGG -->
