<?xml version="1.0" encoding="UTF-8"?>
<!-- Generated by org.testng.reporters.JUnitReportReporter -->
<testsuite hostname="forsa-vm31" failures="0" tests="3" name="TopZinsPortal.TZPAdminSeveralUserDeaktivierenGG" time="56.025" errors="0" timestamp="2021-07-05T10:53:07 CEST" skipped="0">
  <testcase classname="TopZinsPortal.TZPAdminSeveralUserDeaktivierenGG" name="TZPAdminSeveralUserDeaktivierenGGTest" time="10.133"/>
  <system-out/>
  <testcase classname="TopZinsPortal.TZPAdminSeveralUserDeaktivierenGG" name="TZPAdminSeveralUserDeaktivierenGGTest" time="18.333"/>
  <system-out/>
  <testcase classname="TopZinsPortal.TZPAdminSeveralUserDeaktivierenGG" name="TZPAdminSeveralUserDeaktivierenGGTest" time="27.559"/>
  <system-out/>
</testsuite> <!-- TopZinsPortal.TZPAdminSeveralUserDeaktivierenGG -->
