<?xml version="1.0" encoding="UTF-8"?>
<!-- Generated by org.testng.reporters.JUnitReportReporter -->
<testsuite hostname="forsa-vm31" failures="0" tests="1" name="TopZinsPortal.TZPTransaktionAkzeptierenGN" time="29.136" errors="0" timestamp="2021-02-26T15:36:59 CET" skipped="0">
  <testcase classname="TopZinsPortal.TZPTransaktionAkzeptierenGN" name="TZPTransaktionAkzeptierenGNTest" time="29.136"/>
  <system-out/>
</testsuite> <!-- TopZinsPortal.TZPTransaktionAkzeptierenGN -->
