<?xml version="1.0" encoding="UTF-8"?>
<!-- Generated by org.testng.reporters.JUnitReportReporter -->
<testsuite name="WebRiskTests.WebRiskEndkundeTestPHVOK2" tests="1" time="52.853" ignored="0" failures="0" timestamp="15 MÃ¤r 2019 15:43:15 GMT" skipped="0" hostname="Laptop-BHDR" errors="0">
  <testcase name="BasisPHV" time="52.853" classname="WebRiskTests.WebRiskEndkundeTestPHVOK2"/>
</testsuite> <!-- WebRiskTests.WebRiskEndkundeTestPHVOK2 -->
