<?xml version="1.0" encoding="UTF-8"?>
<!-- Generated by org.testng.reporters.JUnitReportReporter -->
<testsuite hostname="forsa-vm31" failures="0" tests="7" name="TopZinsPortal.TZPTransaktionBearbeitenGN" time="94.460" errors="0" timestamp="2021-08-06T11:03:54 CEST" skipped="0">
  <testcase classname="TopZinsPortal.TZPTransaktionBearbeitenGN" name="TZPTransaktionBearbeitenGNTest" time="24.061"/>
  <system-out/>
  <testcase classname="TopZinsPortal.TZPTransaktionBearbeitenGN" name="TZPTransaktionBearbeitenGNTest" time="22.370"/>
  <system-out/>
  <testcase classname="TopZinsPortal.TZPTransaktionBearbeitenGN" name="TZPTransaktionBearbeitenGNTest" time="24.293"/>
  <system-out/>
  <testcase classname="TopZinsPortal.TZPTransaktionBearbeitenGN" name="TZPTransaktionBearbeitenGNTest" time="23.734"/>
  <system-out/>
  <testcase classname="TopZinsPortal.TZPTransaktionBearbeitenGN" name="TZPTransaktionAkzeptierenGNTest" time="0.001"/>
  <system-out/>
  <testcase classname="TopZinsPortal.TZPTransaktionBearbeitenGN" name="TZPTransaktionAblehnenGNTest" time="0.001"/>
  <system-out/>
  <testcase classname="TopZinsPortal.TZPTransaktionBearbeitenGN" name="TZPTransaktionTelefonischWeiterleitenGNTest" time="0.000"/>
  <system-out/>
</testsuite> <!-- TopZinsPortal.TZPTransaktionBearbeitenGN -->
