<?xml version="1.0" encoding="UTF-8"?>
<!-- Generated by org.testng.reporters.JUnitReportReporter -->
<testsuite hostname="forsa-vm31" failures="0" tests="3" name="TopZinsPortal.TZPRegGG" time="117.026" errors="0" timestamp="2020-11-25T17:31:25 CET" skipped="0">
  <testcase classname="TopZinsPortal.TZPRegGG" name="TZRegGGTest" time="38.757"/>
  <system-out/>
  <testcase classname="TopZinsPortal.TZPRegGG" name="TZRegGGTest" time="39.509"/>
  <system-out/>
  <testcase classname="TopZinsPortal.TZPRegGG" name="TZRegGGTest" time="38.760"/>
  <system-out/>
</testsuite> <!-- TopZinsPortal.TZPRegGG -->
