<?xml version="1.0" encoding="UTF-8"?>
<!-- Generated by org.testng.reporters.JUnitReportReporter -->
<testsuite hostname="forsa-vm31" failures="0" tests="3" name="TopZinsPortal.TZPAdminSeveralUserLoeschenGN" time="44.448" errors="0" timestamp="2021-07-21T11:08:06 CEST" skipped="0">
  <testcase classname="TopZinsPortal.TZPAdminSeveralUserLoeschenGN" name="TZPAdminSeveralUserLoeschenGNTest" time="26.540"/>
  <system-out/>
  <testcase classname="TopZinsPortal.TZPAdminSeveralUserLoeschenGN" name="TZPAdminSeveralUserLoeschenGNTest" time="8.978"/>
  <system-out/>
  <testcase classname="TopZinsPortal.TZPAdminSeveralUserLoeschenGN" name="TZPAdminSeveralUserLoeschenGNTest" time="8.930"/>
  <system-out/>
</testsuite> <!-- TopZinsPortal.TZPAdminSeveralUserLoeschenGN -->
