<?xml version="1.0" encoding="UTF-8"?>
<!-- Generated by org.testng.reporters.JUnitReportReporter -->
<testsuite hostname="forsa-vm31" failures="0" tests="2" name="TopZinsPortal.TZPTenderStartGG" time="46.703" errors="0" timestamp="2021-04-13T10:01:11 CEST" skipped="0">
  <testcase classname="TopZinsPortal.TZPTenderStartGG" name="TZPTenderStartGGTest" time="46.699"/>
  <system-out/>
  <testcase classname="TopZinsPortal.TZPTenderStartGG" name="TZPTenderStartGGTest" time="0.004"/>
  <system-out/>
</testsuite> <!-- TopZinsPortal.TZPTenderStartGG -->
