<?xml version="1.0" encoding="UTF-8"?>
<!-- Generated by org.testng.reporters.JUnitReportReporter -->
<testsuite hostname="forsa-vm31" failures="0" tests="4" name="TopZinsPortal.TZPStammGN" time="402.882" errors="0" timestamp="2021-07-17T07:58:18 CEST" skipped="0">
  <testcase classname="TopZinsPortal.TZPStammGN" name="TZPStammGNTest" time="100.216"/>
  <system-out/>
  <testcase classname="TopZinsPortal.TZPStammGN" name="TZPStammGNTest" time="100.076"/>
  <system-out/>
  <testcase classname="TopZinsPortal.TZPStammGN" name="TZPStammGNTest" time="102.415"/>
  <system-out/>
  <testcase classname="TopZinsPortal.TZPStammGN" name="TZPStammGNTest" time="100.175"/>
  <system-out/>
</testsuite> <!-- TopZinsPortal.TZPStammGN -->
