<?xml version="1.0" encoding="UTF-8"?>
<!-- Generated by org.testng.reporters.JUnitReportReporter -->
<testsuite hostname="forsa-vm31" failures="0" tests="4" name="TopZinsPortal.TZPTransaktionStartGGSeveralUser" time="123.031" errors="0" timestamp="2021-07-17T08:35:39 CEST" skipped="0">
  <testcase classname="TopZinsPortal.TZPTransaktionStartGGSeveralUser" name="TZPTransaktionStartGGSeveralUserTest" time="30.978"/>
  <system-out/>
  <testcase classname="TopZinsPortal.TZPTransaktionStartGGSeveralUser" name="TZPTransaktionStartGGSeveralUserTest" time="30.954"/>
  <system-out/>
  <testcase classname="TopZinsPortal.TZPTransaktionStartGGSeveralUser" name="TZPTransaktionStartGGSeveralUserTest" time="31.179"/>
  <system-out/>
  <testcase classname="TopZinsPortal.TZPTransaktionStartGGSeveralUser" name="TZPTransaktionStartGGSeveralUserTest" time="29.920"/>
  <system-out/>
</testsuite> <!-- TopZinsPortal.TZPTransaktionStartGGSeveralUser -->
