<?xml version="1.0" encoding="UTF-8"?>
<!-- Generated by org.testng.reporters.JUnitReportReporter -->
<testsuite hostname="forsa-vm31" failures="0" tests="3" name="TopZinsPortal.TZPAdminUserLoeschenGN" time="14.956" errors="0" timestamp="2021-02-25T13:37:59 CET" skipped="0">
  <testcase classname="TopZinsPortal.TZPAdminUserLoeschenGN" name="TZPAdminUserLoeschenGNTest" time="0.001"/>
  <system-out/>
  <testcase classname="TopZinsPortal.TZPAdminUserLoeschenGN" name="TZPAdminUserLoeschenGNTest" time="14.955"/>
  <system-out/>
  <testcase classname="TopZinsPortal.TZPAdminUserLoeschenGN" name="TZPAdminUserLoeschenGNTest" time="0.000"/>
  <system-out/>
</testsuite> <!-- TopZinsPortal.TZPAdminUserLoeschenGN -->
