<?xml version="1.0" encoding="UTF-8"?>
<!-- Generated by org.testng.reporters.JUnitReportReporter -->
<testsuite hostname="forsa-vm31" failures="0" tests="3" name="TopZinsPortal.TZPSeveralUserGGEinladung" time="110.275" errors="0" timestamp="2021-06-10T14:02:10 CEST" skipped="0">
  <testcase classname="TopZinsPortal.TZPSeveralUserGGEinladung" name="TZPServeralUserEinladenGGTest" time="36.615"/>
  <system-out/>
  <testcase classname="TopZinsPortal.TZPSeveralUserGGEinladung" name="TZPServeralUserEinladenGGTest" time="36.891"/>
  <system-out/>
  <testcase classname="TopZinsPortal.TZPSeveralUserGGEinladung" name="TZPServeralUserEinladenGGTest" time="36.769"/>
  <system-out/>
</testsuite> <!-- TopZinsPortal.TZPSeveralUserGGEinladung -->
