<?xml version="1.0" encoding="UTF-8"?>
<!-- Generated by org.testng.reporters.JUnitReportReporter -->
<testsuite hostname="forsa-vm31" failures="0" tests="4" name="TopZinsPortal.TZPTransaktionAbschlussGNSeveralUser" time="37.986" errors="0" timestamp="2021-07-17T08:35:39 CEST" skipped="0">
  <testcase classname="TopZinsPortal.TZPTransaktionAbschlussGNSeveralUser" name="TZPTransaktionAbschlussGNSeveralUserTest" time="10.502"/>
  <system-out/>
  <testcase classname="TopZinsPortal.TZPTransaktionAbschlussGNSeveralUser" name="TZPTransaktionAbschlussGNSeveralUserTest" time="10.595"/>
  <system-out/>
  <testcase classname="TopZinsPortal.TZPTransaktionAbschlussGNSeveralUser" name="TZPTransaktionAbschlussGNSeveralUserTest" time="10.309"/>
  <system-out/>
  <testcase classname="TopZinsPortal.TZPTransaktionAbschlussGNSeveralUser" name="TZPTransaktionAbschlussGNSeveralUserTest" time="6.580"/>
  <system-out/>
</testsuite> <!-- TopZinsPortal.TZPTransaktionAbschlussGNSeveralUser -->
