<?xml version="1.0" encoding="UTF-8"?>
<!-- Generated by org.testng.reporters.JUnitReportReporter -->
<testsuite hostname="forsa-vm31" failures="0" tests="3" name="TopZinsPortal.TZPAdminSeveralUserLoeschenGG" time="34.865" errors="0" timestamp="2021-08-05T16:03:47 CEST" skipped="0">
  <testcase classname="TopZinsPortal.TZPAdminSeveralUserLoeschenGG" name="TZPAdminSeveralUserLoeschenGGTest" time="15.495"/>
  <system-out/>
  <testcase classname="TopZinsPortal.TZPAdminSeveralUserLoeschenGG" name="TZPAdminSeveralUserLoeschenGGTest" time="9.718"/>
  <system-out/>
  <testcase classname="TopZinsPortal.TZPAdminSeveralUserLoeschenGG" name="TZPAdminSeveralUserLoeschenGGTest" time="9.652"/>
  <system-out/>
</testsuite> <!-- TopZinsPortal.TZPAdminSeveralUserLoeschenGG -->
