<?xml version="1.0" encoding="UTF-8"?>
<!-- Generated by org.testng.reporters.JUnitReportReporter -->
<testsuite hostname="forsa-vm31" failures="0" tests="3" name="TopZinsPortal.TZPSeveralUserGNEinladung" time="110.475" errors="0" timestamp="2021-07-05T11:49:15 CEST" skipped="0">
  <testcase classname="TopZinsPortal.TZPSeveralUserGNEinladung" name="TZPSeveralUserEinladenGNTest" time="33.756"/>
  <system-out/>
  <testcase classname="TopZinsPortal.TZPSeveralUserGNEinladung" name="TZPSeveralUserEinladenGNTest" time="43.001"/>
  <system-out/>
  <testcase classname="TopZinsPortal.TZPSeveralUserGNEinladung" name="TZPSeveralUserEinladenGNTest" time="33.718"/>
  <system-out/>
</testsuite> <!-- TopZinsPortal.TZPSeveralUserGNEinladung -->
