<?xml version="1.0" encoding="UTF-8"?>
<!-- Generated by org.testng.reporters.JUnitReportReporter -->
<testsuite hostname="forsa-vm31" failures="0" tests="1" name="TopZinsPortal.TZPTenderAngebotAnnehmenGG" time="25.232" errors="0" timestamp="2021-08-06T15:34:08 CEST" skipped="0">
  <testcase classname="TopZinsPortal.TZPTenderAngebotAnnehmenGG" name="TZPTenderAngebotAnnehmenGGTest" time="25.232"/>
  <system-out/>
</testsuite> <!-- TopZinsPortal.TZPTenderAngebotAnnehmenGG -->
