<?xml version="1.0" encoding="UTF-8"?>
<!-- Generated by org.testng.reporters.JUnitReportReporter -->
<testsuite hostname="forsa-vm31" failures="0" tests="8" name="TopZinsPortal.TZPCheckEMailsGG" time="19.380" errors="0" timestamp="2021-05-03T18:50:43 CEST" skipped="0">
  <testcase classname="TopZinsPortal.TZPCheckEMailsGG" name="TZPCheckEmailGGTest" time="5.223"/>
  <system-out/>
  <testcase classname="TopZinsPortal.TZPCheckEMailsGG" name="TZPCheckEmailGGTest" time="4.531"/>
  <system-out/>
  <testcase classname="TopZinsPortal.TZPCheckEMailsGG" name="TZPCheckEmailGGTest" time="2.083"/>
  <system-out/>
  <testcase classname="TopZinsPortal.TZPCheckEMailsGG" name="TZPCheckEmailGGTest" time="0.004"/>
  <system-out/>
  <testcase classname="TopZinsPortal.TZPCheckEMailsGG" name="TZPCheckEmailGGTest" time="4.434"/>
  <system-out/>
  <testcase classname="TopZinsPortal.TZPCheckEMailsGG" name="TZPCheckEmailGGTest" time="0.001"/>
  <system-out/>
  <testcase classname="TopZinsPortal.TZPCheckEMailsGG" name="TZPCheckEmailGGTest" time="3.100"/>
  <system-out/>
  <testcase classname="TopZinsPortal.TZPCheckEMailsGG" name="TZPCheckEmailGGTest" time="0.004"/>
  <system-out/>
</testsuite> <!-- TopZinsPortal.TZPCheckEMailsGG -->
