<?xml version="1.0" encoding="UTF-8"?>
<!-- Generated by org.testng.reporters.JUnitReportReporter -->
<testsuite hostname="forsa-vm31" failures="0" tests="2" name="TopZinsPortal.TZPTenderAngebotAnnehmenGG" time="20.996" errors="0" timestamp="2021-04-20T14:04:27 CEST" skipped="0">
  <testcase classname="TopZinsPortal.TZPTenderAngebotAnnehmenGG" name="TZPTenderAngebotAnnehmenGGTest" time="0.002"/>
  <system-out/>
  <testcase classname="TopZinsPortal.TZPTenderAngebotAnnehmenGG" name="TZPTenderAngebotAnnehmenGGTest" time="20.994"/>
  <system-out/>
</testsuite> <!-- TopZinsPortal.TZPTenderAngebotAnnehmenGG -->
