<?xml version="1.0" encoding="UTF-8"?>
<!-- Generated by org.testng.reporters.JUnitReportReporter -->
<testsuite hostname="forsa-vm31" failures="0" tests="3" name="TopZinsPortal.TZPAdminSeveralUserLoeschenGG" time="44.282" errors="0" timestamp="2021-07-05T10:53:07 CEST" skipped="0">
  <testcase classname="TopZinsPortal.TZPAdminSeveralUserLoeschenGG" name="TZPAdminSeveralUserLoeschenGGTest" time="8.917"/>
  <system-out/>
  <testcase classname="TopZinsPortal.TZPAdminSeveralUserLoeschenGG" name="TZPAdminSeveralUserLoeschenGGTest" time="26.416"/>
  <system-out/>
  <testcase classname="TopZinsPortal.TZPAdminSeveralUserLoeschenGG" name="TZPAdminSeveralUserLoeschenGGTest" time="8.949"/>
  <system-out/>
</testsuite> <!-- TopZinsPortal.TZPAdminSeveralUserLoeschenGG -->
