<?xml version="1.0" encoding="UTF-8"?>
<!-- Generated by org.testng.reporters.JUnitReportReporter -->
<testsuite hostname="forsa-vm31" failures="0" tests="3" name="TopZinsPortal.TZPAdminSeveralUserDeaktivierenGN" time="54.904" errors="0" timestamp="2021-06-15T14:08:25 CEST" skipped="0">
  <testcase classname="TopZinsPortal.TZPAdminSeveralUserDeaktivierenGN" name="TZPAdminSeveralUserDeaktivierenGNTest" time="26.735"/>
  <system-out/>
  <testcase classname="TopZinsPortal.TZPAdminSeveralUserDeaktivierenGN" name="TZPAdminSeveralUserDeaktivierenGNTest" time="9.894"/>
  <system-out/>
  <testcase classname="TopZinsPortal.TZPAdminSeveralUserDeaktivierenGN" name="TZPAdminSeveralUserDeaktivierenGNTest" time="18.275"/>
  <system-out/>
</testsuite> <!-- TopZinsPortal.TZPAdminSeveralUserDeaktivierenGN -->
