<?xml version="1.0" encoding="UTF-8"?>
<!-- Generated by org.testng.reporters.JUnitReportReporter -->
<testsuite hostname="forsa-vm31" failures="0" tests="12" name="TopZinsPortal.TZPCheckEMailsGG" time="84.334" errors="0" timestamp="2021-06-02T10:38:25 CEST" skipped="0">
  <testcase classname="TopZinsPortal.TZPCheckEMailsGG" name="TZPCheckEMailGGTest" time="7.162"/>
  <system-out/>
  <testcase classname="TopZinsPortal.TZPCheckEMailsGG" name="TZPCheckEMailGGTest" time="4.514"/>
  <system-out/>
  <testcase classname="TopZinsPortal.TZPCheckEMailsGG" name="TZPCheckEMailGGTest" time="4.517"/>
  <system-out/>
  <testcase classname="TopZinsPortal.TZPCheckEMailsGG" name="TZPCheckEMailGGTest" time="4.505"/>
  <system-out/>
  <testcase classname="TopZinsPortal.TZPCheckEMailsGG" name="TZPCheckEMailGGTest" time="24.161"/>
  <system-out/>
  <testcase classname="TopZinsPortal.TZPCheckEMailsGG" name="TZPCheckEMailGGTest" time="6.373"/>
  <system-out/>
  <testcase classname="TopZinsPortal.TZPCheckEMailsGG" name="TZPCheckEMailGGTest" time="4.504"/>
  <system-out/>
  <testcase classname="TopZinsPortal.TZPCheckEMailsGG" name="TZPCheckEMailGGTest" time="8.607"/>
  <system-out/>
  <testcase classname="TopZinsPortal.TZPCheckEMailsGG" name="TZPCheckEMailGGTest" time="4.513"/>
  <system-out/>
  <testcase classname="TopZinsPortal.TZPCheckEMailsGG" name="TZPCheckEMailGGTest" time="4.503"/>
  <system-out/>
  <testcase classname="TopZinsPortal.TZPCheckEMailsGG" name="TZPCheckEMailGGTest" time="4.506"/>
  <system-out/>
  <testcase classname="TopZinsPortal.TZPCheckEMailsGG" name="TZPCheckEMailGGTest" time="6.469"/>
  <system-out/>
</testsuite> <!-- TopZinsPortal.TZPCheckEMailsGG -->
