<?xml version="1.0" encoding="UTF-8"?>
<!-- Generated by org.testng.reporters.JUnitReportReporter -->
<testsuite hostname="forsa-vm31" failures="0" tests="2" name="TopZinsPortal.TZPAdminHandelsfreigabe" time="83.031" errors="0" timestamp="2020-11-25T14:02:39 CET" skipped="0">
  <testcase classname="TopZinsPortal.TZPAdminHandelsfreigabe" name="TZP_Admin_Handelsfreigabe" time="0.007"/>
  <system-out/>
  <testcase classname="TopZinsPortal.TZPAdminHandelsfreigabe" name="TZP_Admin_Handelsfreigabe" time="83.024"/>
  <system-out/>
</testsuite> <!-- TopZinsPortal.TZPAdminHandelsfreigabe -->
