<?xml version="1.0" encoding="UTF-8"?>
<!-- Generated by org.testng.reporters.JUnitReportReporter -->
<testsuite hostname="forsa-vm31" failures="0" tests="4" name="TopZinsPortal.TZPTransaktionAkzeptierenGGSeveralUser" time="69.196" errors="0" timestamp="2021-08-06T16:56:37 CEST" skipped="0">
  <testcase classname="TopZinsPortal.TZPTransaktionAkzeptierenGGSeveralUser" name="TZPTransaktionAkzeptierenGGSeveralUserTest" time="12.290"/>
  <system-out/>
  <testcase classname="TopZinsPortal.TZPTransaktionAkzeptierenGGSeveralUser" name="TZPTransaktionAkzeptierenGGSeveralUserTest" time="18.143"/>
  <system-out/>
  <testcase classname="TopZinsPortal.TZPTransaktionAkzeptierenGGSeveralUser" name="TZPTransaktionAkzeptierenGGSeveralUserTest" time="19.151"/>
  <system-out/>
  <testcase classname="TopZinsPortal.TZPTransaktionAkzeptierenGGSeveralUser" name="TZPTransaktionAkzeptierenGGSeveralUserTest" time="19.612"/>
  <system-out/>
</testsuite> <!-- TopZinsPortal.TZPTransaktionAkzeptierenGGSeveralUser -->
