<?xml version="1.0" encoding="UTF-8"?>
<!-- Generated by org.testng.reporters.JUnitReportReporter -->
<testsuite hostname="forsa-vm31" failures="0" tests="4" name="TopZinsPortal.TZPTransaktionBearbeitenAdmin" time="32.840" errors="0" timestamp="2021-07-16T11:19:10 CEST" skipped="0">
  <testcase classname="TopZinsPortal.TZPTransaktionBearbeitenAdmin" name="TZPTransaktionBearbeitenAdminTest" time="16.618"/>
  <system-out/>
  <testcase classname="TopZinsPortal.TZPTransaktionBearbeitenAdmin" name="TZPTransaktionBearbeitenAdminTest" time="5.779"/>
  <system-out/>
  <testcase classname="TopZinsPortal.TZPTransaktionBearbeitenAdmin" name="TZPTransaktionBearbeitenAdminTest" time="5.239"/>
  <system-out/>
  <testcase classname="TopZinsPortal.TZPTransaktionBearbeitenAdmin" name="TZPTransaktionBearbeitenAdminTest" time="5.204"/>
  <system-out/>
</testsuite> <!-- TopZinsPortal.TZPTransaktionBearbeitenAdmin -->
