<?xml version="1.0" encoding="UTF-8"?>
<!-- Generated by org.testng.reporters.JUnitReportReporter -->
<testsuite hostname="forsa-vm31" failures="0" tests="1" name="TopZinsPortal.TZPTransaktionAkzeptierenGN" time="10.523" errors="0" timestamp="2021-01-21T16:13:47 CET" skipped="0">
  <testcase classname="TopZinsPortal.TZPTransaktionAkzeptierenGN" name="TZPTransaktionStartGGTest" time="10.523"/>
  <system-out/>
</testsuite> <!-- TopZinsPortal.TZPTransaktionAkzeptierenGN -->
