<?xml version="1.0" encoding="UTF-8"?>
<!-- Generated by org.testng.reporters.JUnitReportReporter -->
<testsuite hostname="forsa-vm31" failures="0" tests="2" name="TopZinsPortal.TZPTenderStartGGSeveralUser" time="98.928" errors="0" timestamp="2021-08-06T17:15:46 CEST" skipped="0">
  <testcase classname="TopZinsPortal.TZPTenderStartGGSeveralUser" name="TZPTenderStartGGSeveralUserTest" time="48.319"/>
  <system-out/>
  <testcase classname="TopZinsPortal.TZPTenderStartGGSeveralUser" name="TZPTenderStartGGSeveralUserTest" time="50.609"/>
  <system-out/>
</testsuite> <!-- TopZinsPortal.TZPTenderStartGGSeveralUser -->
