<?xml version="1.0" encoding="UTF-8"?>
<!-- Generated by org.testng.reporters.JUnitReportReporter -->
<testsuite hostname="forsa-vm31" failures="0" tests="22" name="TopZinsPortal.TZPAdminUserDeaktivieren" time="29.781" errors="0" timestamp="2020-12-30T15:49:01 CET" skipped="0">
  <testcase classname="TopZinsPortal.TZPAdminUserDeaktivieren" name="TZPAdminUserDeaktivierenTest" time="0.000"/>
  <system-out/>
  <testcase classname="TopZinsPortal.TZPAdminUserDeaktivieren" name="TZPAdminUserDeaktivierenTest" time="0.001"/>
  <system-out/>
  <testcase classname="TopZinsPortal.TZPAdminUserDeaktivieren" name="TZPAdminUserDeaktivierenTest" time="0.001"/>
  <system-out/>
  <testcase classname="TopZinsPortal.TZPAdminUserDeaktivieren" name="TZPAdminUserDeaktivierenTest" time="14.763"/>
  <system-out/>
  <testcase classname="TopZinsPortal.TZPAdminUserDeaktivieren" name="TZPAdminUserDeaktivierenTest" time="0.000"/>
  <system-out/>
  <testcase classname="TopZinsPortal.TZPAdminUserDeaktivieren" name="TZPAdminUserDeaktivierenTest" time="0.001"/>
  <system-out/>
  <testcase classname="TopZinsPortal.TZPAdminUserDeaktivieren" name="TZPAdminUserDeaktivierenTest" time="0.000"/>
  <system-out/>
  <testcase classname="TopZinsPortal.TZPAdminUserDeaktivieren" name="TZPAdminUserDeaktivierenTest" time="0.001"/>
  <system-out/>
  <testcase classname="TopZinsPortal.TZPAdminUserDeaktivieren" name="TZPAdminUserDeaktivierenTest" time="0.001"/>
  <system-out/>
  <testcase classname="TopZinsPortal.TZPAdminUserDeaktivieren" name="TZPAdminUserDeaktivierenTest" time="15.004"/>
  <system-out/>
  <testcase classname="TopZinsPortal.TZPAdminUserDeaktivieren" name="TZPAdminUserDeaktivierenTest" time="0.000"/>
  <system-out/>
  <testcase classname="TopZinsPortal.TZPAdminUserDeaktivieren" name="TZPAdminUserDeaktivierenTest" time="0.002"/>
  <system-out/>
  <testcase classname="TopZinsPortal.TZPAdminUserDeaktivieren" name="TZPAdminUserDeaktivierenTest" time="0.000"/>
  <system-out/>
  <testcase classname="TopZinsPortal.TZPAdminUserDeaktivieren" name="TZPAdminUserDeaktivierenTest" time="0.001"/>
  <system-out/>
  <testcase classname="TopZinsPortal.TZPAdminUserDeaktivieren" name="TZPAdminUserDeaktivierenTest" time="0.000"/>
  <system-out/>
  <testcase classname="TopZinsPortal.TZPAdminUserDeaktivieren" name="TZPAdminUserDeaktivierenTest" time="0.001"/>
  <system-out/>
  <testcase classname="TopZinsPortal.TZPAdminUserDeaktivieren" name="TZPAdminUserDeaktivierenTest" time="0.001"/>
  <system-out/>
  <testcase classname="TopZinsPortal.TZPAdminUserDeaktivieren" name="TZPAdminUserDeaktivierenTest" time="0.001"/>
  <system-out/>
  <testcase classname="TopZinsPortal.TZPAdminUserDeaktivieren" name="TZPAdminUserDeaktivierenTest" time="0.001"/>
  <system-out/>
  <testcase classname="TopZinsPortal.TZPAdminUserDeaktivieren" name="TZPAdminUserDeaktivierenTest" time="0.001"/>
  <system-out/>
  <testcase classname="TopZinsPortal.TZPAdminUserDeaktivieren" name="TZPAdminUserDeaktivierenTest" time="0.001"/>
  <system-out/>
  <testcase classname="TopZinsPortal.TZPAdminUserDeaktivieren" name="TZPAdminUserDeaktivierenTest" time="0.000"/>
  <system-out/>
</testsuite> <!-- TopZinsPortal.TZPAdminUserDeaktivieren -->
