<?xml version="1.0" encoding="UTF-8"?>
<!-- Generated by org.testng.reporters.JUnitReportReporter -->
<testsuite hostname="forsa-vm31" failures="0" tests="7" name="TopZinsPortal.TZPLoginGG" time="20.986" errors="0" timestamp="2021-01-30T10:28:03 CET" skipped="0">
  <testcase classname="TopZinsPortal.TZPLoginGG" name="TZPLoginGGTest" time="0.001"/>
  <system-out/>
  <testcase classname="TopZinsPortal.TZPLoginGG" name="TZPLoginGGTest" time="10.416"/>
  <system-out/>
  <testcase classname="TopZinsPortal.TZPLoginGG" name="TZPLoginGGTest" time="10.567"/>
  <system-out/>
  <testcase classname="TopZinsPortal.TZPLoginGG" name="TZPLoginGGTest" time="0.000"/>
  <system-out/>
  <testcase classname="TopZinsPortal.TZPLoginGG" name="TZPLoginGGTest" time="0.001"/>
  <system-out/>
  <testcase classname="TopZinsPortal.TZPLoginGG" name="TZPLoginGGTest" time="0.000"/>
  <system-out/>
  <testcase classname="TopZinsPortal.TZPLoginGG" name="TZPLoginGGTest" time="0.001"/>
  <system-out/>
</testsuite> <!-- TopZinsPortal.TZPLoginGG -->
