<?xml version="1.0" encoding="UTF-8"?>
<!-- Generated by org.testng.reporters.JUnitReportReporter -->
<testsuite name="WebRiskTests.WebRiskBasisTest" tests="1" time="57.608" ignored="0" failures="0" timestamp="14 MÃ¤r 2019 17:44:04 GMT" skipped="0" hostname="Laptop-BHDR" errors="0">
  <testcase name="BasisPHV" time="57.608" classname="WebRiskTests.WebRiskBasisTest"/>
</testsuite> <!-- WebRiskTests.WebRiskBasisTest -->
