<?xml version="1.0" encoding="UTF-8"?>
<!-- Generated by org.testng.reporters.JUnitReportReporter -->
<testsuite hostname="forsa-vm31" failures="0" tests="4" name="TopZinsPortal.TZPStammGN" time="413.134" errors="0" timestamp="2021-05-21T09:39:52 CEST" skipped="0">
  <testcase classname="TopZinsPortal.TZPStammGN" name="TZPStammGNTest" time="102.989"/>
  <system-out/>
  <testcase classname="TopZinsPortal.TZPStammGN" name="TZPStammGNTest" time="102.845"/>
  <system-out/>
  <testcase classname="TopZinsPortal.TZPStammGN" name="TZPStammGNTest" time="104.467"/>
  <system-out/>
  <testcase classname="TopZinsPortal.TZPStammGN" name="TZPStammGNTest" time="102.833"/>
  <system-out/>
</testsuite> <!-- TopZinsPortal.TZPStammGN -->
