<?xml version="1.0" encoding="UTF-8"?>
<!-- Generated by org.testng.reporters.JUnitReportReporter -->
<testsuite hostname="forsa-vm31" failures="0" tests="4" name="TopZinsPortal.TZPLoginGN" time="55.014" errors="0" timestamp="2021-05-12T15:53:00 CEST" skipped="0">
  <testcase classname="TopZinsPortal.TZPLoginGN" name="TZPLoginGNTest" time="13.817"/>
  <system-out/>
  <testcase classname="TopZinsPortal.TZPLoginGN" name="TZPLoginGNTest" time="13.652"/>
  <system-out/>
  <testcase classname="TopZinsPortal.TZPLoginGN" name="TZPLoginGNTest" time="13.856"/>
  <system-out/>
  <testcase classname="TopZinsPortal.TZPLoginGN" name="TZPLoginGNTest" time="13.689"/>
  <system-out/>
</testsuite> <!-- TopZinsPortal.TZPLoginGN -->
