<?xml version="1.0" encoding="UTF-8"?>
<!-- Generated by org.testng.reporters.JUnitReportReporter -->
<testsuite hostname="forsa-vm31" failures="0" tests="3" name="TopZinsPortal.TZPZinssatzVorgabeGN" time="119.161" errors="0" timestamp="2021-06-02T10:38:25 CEST" skipped="0">
  <testcase classname="TopZinsPortal.TZPZinssatzVorgabeGN" name="TZPZinssatzVorgabeGNTest" time="39.430"/>
  <system-out/>
  <testcase classname="TopZinsPortal.TZPZinssatzVorgabeGN" name="TZPZinssatzVorgabeGNTest" time="40.190"/>
  <system-out/>
  <testcase classname="TopZinsPortal.TZPZinssatzVorgabeGN" name="TZPZinssatzVorgabeGNTest" time="39.541"/>
  <system-out/>
</testsuite> <!-- TopZinsPortal.TZPZinssatzVorgabeGN -->
